2025-09-21 23:14:34.362 | INFO     | wa_analyzer.apartment_community_wk3_2:main:269 - Loading data from /Users/luiginocleofa/1_HU_Post_HBO_AI/DAV/MADS-DAV/data/processed/whatsapp-20250910-235500.parquet
2025-09-21 23:14:34.485 | INFO     | wa_analyzer.apartment_community_wk3_2:main:273 - === Analyzing keyword: 'schoon' ===
2025-09-21 23:14:34.958 | INFO     | wa_analyzer.apartment_community_wk3_2:plot_sentiment_trend:186 - Saved sentiment trend plot to /Users/luiginocleofa/1_HU_Post_HBO_AI/DAV/MADS-DAV/img/schoon_sentiment_trend.png
2025-09-21 23:14:34.958 | INFO     | wa_analyzer.apartment_community_wk3_2:main:283 - Done!
2025-09-22 02:12:34.574 | INFO     | wa_analyzer.apartment_community_wk3:main:162 - Loading data from /Users/luiginocleofa/1_HU_Post_HBO_AI/DAV/MADS-DAV/data/processed/whatsapp-20250910-235500.parquet
2025-09-22 02:12:34.635 | INFO     | wa_analyzer.apartment_community_wk3:main:166 - === Analyzing keywords: ['schoon', 'dank'] ===
2025-09-22 02:18:04.669 | INFO     | wa_analyzer.apartment_community_wk3:main:208 - Loading data from /Users/luiginocleofa/1_HU_Post_HBO_AI/DAV/MADS-DAV/data/processed/whatsapp-20250910-235500.parquet
2025-09-22 02:18:04.735 | INFO     | wa_analyzer.apartment_community_wk3:main:212 - === Analyzing keywords: ['schoon', 'dank'] ===
2025-09-22 02:18:32.706 | INFO     | wa_analyzer.apartment_community_wk3:plot_rolling_sentiment:148 - Plot saved to /Users/luiginocleofa/1_HU_Post_HBO_AI/DAV/MADS-DAV/img/sentiment_plot_schoon_dank.png
2025-09-22 02:24:10.240 | INFO     | wa_analyzer.apartment_community_wk3:main:213 - Loading data from /Users/luiginocleofa/1_HU_Post_HBO_AI/DAV/MADS-DAV/data/processed/whatsapp-20250910-235500.parquet
2025-09-22 02:24:10.284 | INFO     | wa_analyzer.apartment_community_wk3:main:217 - === Analyzing keywords: ['schoon', 'dank'] ===
2025-09-22 02:24:11.437 | INFO     | wa_analyzer.apartment_community_wk3:plot_rolling_sentiment:152 - Plot saved to /Users/luiginocleofa/1_HU_Post_HBO_AI/DAV/MADS-DAV/img/sentiment_plot_schoon_dank.png
2025-09-22 19:30:34.752 | INFO     | wa_analyzer.apartment_community_wk3:main:213 - Loading data from /Users/luiginocleofa/1_HU_Post_HBO_AI/DAV/MADS-DAV/data/processed/whatsapp-20250910-235500.parquet
2025-09-22 19:30:34.831 | INFO     | wa_analyzer.apartment_community_wk3:main:217 - === Analyzing keywords: ['schoon', 'dank'] ===
2025-09-22 19:30:35.966 | INFO     | wa_analyzer.apartment_community_wk3:plot_rolling_sentiment:152 - Plot saved to /Users/luiginocleofa/1_HU_Post_HBO_AI/DAV/MADS-DAV/img/sentiment_plot_schoon_dank.png
2025-09-22 19:39:52.061 | INFO     | wa_analyzer.apartment_community_wk3:main:144 - Loading data from /Users/luiginocleofa/1_HU_Post_HBO_AI/DAV/MADS-DAV/data/processed/whatsapp-20250910-235500.parquet
2025-09-22 19:39:52.116 | INFO     | wa_analyzer.apartment_community_wk3:main:148 - === Analyzing keywords: ['schoon', 'dank'] ===
2025-09-22 19:39:53.496 | INFO     | wa_analyzer.apartment_community_wk3:plot_rolling_sentiment:111 - Plot saved to /Users/luiginocleofa/1_HU_Post_HBO_AI/DAV/MADS-DAV/img/sentiment_plot_schoon_dank.png
2025-09-22 19:50:52.446 | INFO     | wa_analyzer.apartment_community_wk2:main:131 - Loading data from /Users/luiginocleofa/1_HU_Post_HBO_AI/DAV/MADS-DAV/data/processed/whatsapp-20250910-235500.parquet
2025-09-22 19:50:52.500 | INFO     | wa_analyzer.apartment_community_wk2:main:135 - === Analyzing keyword: 'lift' ===
2025-09-22 19:50:52.830 | INFO     | wa_analyzer.apartment_community_wk2:plot_distribution_by_hour:57 - Saved histogram plot to /Users/luiginocleofa/1_HU_Post_HBO_AI/DAV/MADS-DAV/img/lift_histogram_by_hour.png
2025-09-22 19:50:53.066 | INFO     | wa_analyzer.apartment_community_wk2:plot_trend:91 - Saved trend plot to /Users/luiginocleofa/1_HU_Post_HBO_AI/DAV/MADS-DAV/img/lift_trend.png
2025-09-22 19:50:53.188 | INFO     | wa_analyzer.apartment_community_wk2:scatter_message_length:103 - Saved scatter plot to /Users/luiginocleofa/1_HU_Post_HBO_AI/DAV/MADS-DAV/img/lift_scatter_length_vs_hour.png
2025-09-22 19:50:53.188 | INFO     | wa_analyzer.apartment_community_wk2:main:143 - Done!
2025-09-22 19:52:40.070 | INFO     | wa_analyzer.apartment_community_wk2:main:131 - Loading data from /Users/luiginocleofa/1_HU_Post_HBO_AI/DAV/MADS-DAV/data/processed/whatsapp-20250910-235500.parquet
2025-09-22 19:52:40.136 | INFO     | wa_analyzer.apartment_community_wk2:main:135 - === Analyzing keyword: 'lift' ===
2025-09-22 19:52:40.513 | INFO     | wa_analyzer.apartment_community_wk2:plot_distribution_by_hour:57 - Saved histogram plot to /Users/luiginocleofa/1_HU_Post_HBO_AI/DAV/MADS-DAV/img/lift_histogram_by_hour_wk2.png
2025-09-22 19:52:40.769 | INFO     | wa_analyzer.apartment_community_wk2:plot_trend:91 - Saved trend plot to /Users/luiginocleofa/1_HU_Post_HBO_AI/DAV/MADS-DAV/img/lift_trend_wk2.png
2025-09-22 19:52:40.899 | INFO     | wa_analyzer.apartment_community_wk2:scatter_message_length:103 - Saved scatter plot to /Users/luiginocleofa/1_HU_Post_HBO_AI/DAV/MADS-DAV/img/lift_scatter_length_vs_hour_wk2.png
2025-09-22 19:52:40.899 | INFO     | wa_analyzer.apartment_community_wk2:main:143 - Done!
2025-09-22 19:54:28.188 | INFO     | wa_analyzer.apartment_community_wk2:main:131 - Loading data from /Users/luiginocleofa/1_HU_Post_HBO_AI/DAV/MADS-DAV/data/processed/whatsapp-20250910-235500.parquet
2025-09-22 19:54:28.246 | INFO     | wa_analyzer.apartment_community_wk2:main:135 - === Analyzing keyword: 'lift' ===
2025-09-22 19:54:28.594 | INFO     | wa_analyzer.apartment_community_wk2:plot_distribution_by_hour:57 - Saved histogram plot to /Users/luiginocleofa/1_HU_Post_HBO_AI/DAV/MADS-DAV/img/lift_histogram_by_hour_wk2.png
2025-09-22 19:54:28.819 | INFO     | wa_analyzer.apartment_community_wk2:plot_trend:91 - Saved trend plot to /Users/luiginocleofa/1_HU_Post_HBO_AI/DAV/MADS-DAV/img/lift_trend_wk2.png
2025-09-22 19:54:28.942 | INFO     | wa_analyzer.apartment_community_wk2:scatter_message_length:103 - Saved scatter plot to /Users/luiginocleofa/1_HU_Post_HBO_AI/DAV/MADS-DAV/img/lift_scatter_length_vs_hour_wk2.png
2025-09-22 19:54:28.943 | INFO     | wa_analyzer.apartment_community_wk2:main:143 - Done!
2025-09-22 19:54:37.541 | INFO     | wa_analyzer.apartment_community_wk3:main:144 - Loading data from /Users/luiginocleofa/1_HU_Post_HBO_AI/DAV/MADS-DAV/data/processed/whatsapp-20250910-235500.parquet
2025-09-22 19:54:37.584 | INFO     | wa_analyzer.apartment_community_wk3:main:148 - === Analyzing keywords: ['schoon', 'dank'] ===
2025-09-22 19:54:38.712 | INFO     | wa_analyzer.apartment_community_wk3:plot_rolling_sentiment:111 - Plot saved to /Users/luiginocleofa/1_HU_Post_HBO_AI/DAV/MADS-DAV/img/sentiment_plot_schoon_dank_wk3.png
2025-09-22 20:09:38.405 | INFO     | wa_analyzer.apartment_community_wk3:main:144 - Loading data from /Users/luiginocleofa/1_HU_Post_HBO_AI/DAV/MADS-DAV/data/processed/whatsapp-20250910-235500.parquet
2025-09-22 20:09:38.465 | INFO     | wa_analyzer.apartment_community_wk3:main:148 - === Analyzing keywords: ['schoon', 'dank'] ===
2025-09-22 20:09:39.529 | INFO     | wa_analyzer.apartment_community_wk3:plot_rolling_sentiment:111 - Plot saved to /Users/luiginocleofa/1_HU_Post_HBO_AI/DAV/MADS-DAV/img/sentiment_plot_schoon_dank_wk3.png
2025-09-24 02:14:53.743 | INFO     | wa_analyzer.apartment_community_wk3_2:main:162 - Loading data from /Users/luiginocleofa/1_HU_Post_HBO_AI/DAV/MADS-DAV/data/processed/whatsapp-20250910-235500.parquet
2025-09-24 02:14:53.817 | WARNING  | wa_analyzer.apartment_community_wk3_2:detect_peaks:64 - No peak found above 6000
2025-09-24 02:14:53.818 | WARNING  | wa_analyzer.apartment_community_wk3_2:detect_peaks:64 - No peak found above 12000
2025-09-24 02:14:54.360 | INFO     | wa_analyzer.apartment_community_wk3_2:plot:121 - Plot saved to logs/camera_messages_plot.png
2025-09-24 02:17:37.931 | INFO     | wa_analyzer.apartment_community_wk3_2:main:226 - Loading data from /Users/luiginocleofa/1_HU_Post_HBO_AI/DAV/MADS-DAV/data/processed/whatsapp-20250910-235500.parquet
2025-09-24 02:17:37.994 | WARNING  | wa_analyzer.apartment_community_wk3_2:detect_peaks:64 - No peak found above 6000
2025-09-24 02:17:37.995 | WARNING  | wa_analyzer.apartment_community_wk3_2:detect_peaks:64 - No peak found above 12000
2025-09-24 02:17:38.402 | INFO     | wa_analyzer.apartment_community_wk3_2:plot:185 - Plot saved to logs/camera_messages_plot.png
2025-09-24 02:21:56.587 | INFO     | wa_analyzer.apartment_community_wk3_2:main:288 - Loading data from /Users/luiginocleofa/1_HU_Post_HBO_AI/DAV/MADS-DAV/data/processed/whatsapp-20250910-235500.parquet
2025-09-24 02:21:56.657 | WARNING  | wa_analyzer.apartment_community_wk3_2:detect_peaks:64 - No peak found above 6000
2025-09-24 02:21:56.657 | WARNING  | wa_analyzer.apartment_community_wk3_2:detect_peaks:64 - No peak found above 12000
2025-09-24 02:24:26.398 | INFO     | wa_analyzer.apartment_community_wk3_2:main:131 - Loading data from /Users/luiginocleofa/1_HU_Post_HBO_AI/DAV/MADS-DAV/data/processed/whatsapp-20250910-235500.parquet
2025-09-24 02:24:26.942 | INFO     | wa_analyzer.apartment_community_wk3_2:plot:112 - Plot saved to logs/camera_messages_plot.png
2025-09-24 09:17:52.009 | INFO     | wa_analyzer.apartment_community_wk3:main:144 - Loading data from /Users/luiginocleofa/1_HU_Post_HBO_AI/DAV/MADS-DAV/data/processed/whatsapp-20250910-235500.parquet
2025-09-24 09:17:52.059 | INFO     | wa_analyzer.apartment_community_wk3:main:148 - === Analyzing keywords: ['schoon', 'dank'] ===
2025-09-24 09:17:53.198 | INFO     | wa_analyzer.apartment_community_wk3:plot_rolling_sentiment:111 - Plot saved to /Users/luiginocleofa/1_HU_Post_HBO_AI/DAV/MADS-DAV/img/sentiment_plot_schoon_dank_wk3.png
2025-09-24 09:50:45.443 | INFO     | wa_analyzer.apartment_community_wk2:main:131 - Loading data from /Users/luiginocleofa/1_HU_Post_HBO_AI/DAV/MADS-DAV/data/processed/whatsapp-20250910-235500.parquet
2025-09-24 09:50:45.495 | INFO     | wa_analyzer.apartment_community_wk2:main:135 - === Analyzing keyword: 'lift' ===
2025-09-24 09:50:45.783 | INFO     | wa_analyzer.apartment_community_wk2:plot_distribution_by_hour:57 - Saved histogram plot to /Users/luiginocleofa/1_HU_Post_HBO_AI/DAV/MADS-DAV/img/lift_histogram_by_hour_wk2.png
2025-09-24 09:50:46.021 | INFO     | wa_analyzer.apartment_community_wk2:plot_trend:91 - Saved trend plot to /Users/luiginocleofa/1_HU_Post_HBO_AI/DAV/MADS-DAV/img/lift_trend_wk2.png
2025-09-24 09:50:46.142 | INFO     | wa_analyzer.apartment_community_wk2:scatter_message_length:103 - Saved scatter plot to /Users/luiginocleofa/1_HU_Post_HBO_AI/DAV/MADS-DAV/img/lift_scatter_length_vs_hour_wk2.png
2025-09-24 09:50:46.142 | INFO     | wa_analyzer.apartment_community_wk2:main:143 - Done!
2025-09-24 09:52:51.130 | INFO     | wa_analyzer.apartment_community_wk2:main:131 - Loading data from /Users/luiginocleofa/1_HU_Post_HBO_AI/DAV/MADS-DAV/data/processed/whatsapp-20250910-235500.parquet
2025-09-24 09:52:51.171 | INFO     | wa_analyzer.apartment_community_wk2:main:135 - === Analyzing keyword: 'lift' ===
2025-09-24 09:52:51.447 | INFO     | wa_analyzer.apartment_community_wk2:plot_distribution_by_hour:57 - Saved histogram plot to /Users/luiginocleofa/1_HU_Post_HBO_AI/DAV/MADS-DAV/img/lift_histogram_by_hour_wk2.png
2025-09-24 09:52:51.661 | INFO     | wa_analyzer.apartment_community_wk2:plot_trend:91 - Saved trend plot to /Users/luiginocleofa/1_HU_Post_HBO_AI/DAV/MADS-DAV/img/lift_trend_wk2.png
2025-09-24 09:52:51.781 | INFO     | wa_analyzer.apartment_community_wk2:scatter_message_length:103 - Saved scatter plot to /Users/luiginocleofa/1_HU_Post_HBO_AI/DAV/MADS-DAV/img/lift_scatter_length_vs_hour_wk2.png
2025-09-24 09:52:51.781 | INFO     | wa_analyzer.apartment_community_wk2:main:143 - Done!
2025-10-11 09:12:54.891 | INFO     | wa_analyzer.apartment_community_wk2:main:131 - Loading data from /Users/luiginocleofa/1_HU_Post_HBO_AI/DAV/MADS-DAV/data/processed/whatsapp-20250910-235500.parquet
2025-10-11 09:12:54.944 | INFO     | wa_analyzer.apartment_community_wk2:main:135 - === Analyzing keyword: 'lift' ===
2025-10-11 09:12:55.350 | INFO     | wa_analyzer.apartment_community_wk2:plot_distribution_by_hour:57 - Saved histogram plot to /Users/luiginocleofa/1_HU_Post_HBO_AI/DAV/MADS-DAV/img/lift_histogram_by_hour_wk2.png
2025-10-11 09:12:55.574 | INFO     | wa_analyzer.apartment_community_wk2:plot_trend:91 - Saved trend plot to /Users/luiginocleofa/1_HU_Post_HBO_AI/DAV/MADS-DAV/img/lift_trend_wk2.png
2025-10-11 09:12:55.707 | INFO     | wa_analyzer.apartment_community_wk2:scatter_message_length:103 - Saved scatter plot to /Users/luiginocleofa/1_HU_Post_HBO_AI/DAV/MADS-DAV/img/lift_scatter_length_vs_hour_wk2.png
2025-10-11 09:12:55.707 | INFO     | wa_analyzer.apartment_community_wk2:main:143 - Done!
2025-10-11 09:55:41.285 | INFO     | wa_analyzer.apartment_community_wk2:main:131 - Loading data from /Users/luiginocleofa/1_HU_Post_HBO_AI/DAV/MADS-DAV/data/processed/whatsapp-20250910-235500.parquet
2025-10-11 09:55:41.332 | INFO     | wa_analyzer.apartment_community_wk2:main:135 - === Analyzing keyword: 'lift' ===
2025-10-11 09:55:41.619 | INFO     | wa_analyzer.apartment_community_wk2:plot_distribution_by_hour:57 - Saved histogram plot to /Users/luiginocleofa/1_HU_Post_HBO_AI/DAV/MADS-DAV/img/lift_histogram_by_hour_wk2.png
2025-10-11 09:55:41.898 | INFO     | wa_analyzer.apartment_community_wk2:plot_trend:91 - Saved trend plot to /Users/luiginocleofa/1_HU_Post_HBO_AI/DAV/MADS-DAV/img/lift_trend_wk2.png
2025-10-11 09:55:42.048 | INFO     | wa_analyzer.apartment_community_wk2:scatter_message_length:103 - Saved scatter plot to /Users/luiginocleofa/1_HU_Post_HBO_AI/DAV/MADS-DAV/img/lift_scatter_length_vs_hour_wk2.png
2025-10-11 09:55:42.048 | INFO     | wa_analyzer.apartment_community_wk2:main:143 - Done!
2025-10-23 20:50:56.097 | INFO     | wa_analyzer.apartment_community_wk2:main:131 - Loading data from /Users/luiginocleofa/1_HU_Post_HBO_AI/DAV/MADS-DAV/data/processed/whatsapp-20250910-235500.parquet
2025-10-23 20:50:56.151 | INFO     | wa_analyzer.apartment_community_wk2:main:135 - === Analyzing keyword: 'lift' ===
2025-10-23 20:50:56.455 | INFO     | wa_analyzer.apartment_community_wk2:plot_distribution_by_hour:57 - Saved histogram plot to /Users/luiginocleofa/1_HU_Post_HBO_AI/DAV/MADS-DAV/img/lift_histogram_by_hour_wk2.png
2025-10-23 20:50:56.682 | INFO     | wa_analyzer.apartment_community_wk2:plot_trend:91 - Saved trend plot to /Users/luiginocleofa/1_HU_Post_HBO_AI/DAV/MADS-DAV/img/lift_trend_wk2.png
2025-10-23 20:50:56.801 | INFO     | wa_analyzer.apartment_community_wk2:scatter_message_length:103 - Saved scatter plot to /Users/luiginocleofa/1_HU_Post_HBO_AI/DAV/MADS-DAV/img/lift_scatter_length_vs_hour_wk2.png
2025-10-23 20:50:56.802 | INFO     | wa_analyzer.apartment_community_wk2:main:143 - Done!
2025-10-23 21:04:53.333 | INFO     | wa_analyzer.apartment_community_wk2:main:131 - Loading data from /Users/luiginocleofa/1_HU_Post_HBO_AI/DAV/MADS-DAV/data/processed/whatsapp-20250910-235500.parquet
2025-10-23 21:04:53.388 | INFO     | wa_analyzer.apartment_community_wk2:main:135 - === Analyzing keyword: 'lift' ===
2025-10-23 21:04:53.824 | INFO     | wa_analyzer.apartment_community_wk2:plot_trend:91 - Saved trend plot to /Users/luiginocleofa/1_HU_Post_HBO_AI/DAV/MADS-DAV/img/lift_trend_wk2.png
2025-10-23 21:04:53.824 | INFO     | wa_analyzer.apartment_community_wk2:main:143 - Done!
2025-10-23 21:09:25.462 | INFO     | wa_analyzer.apartment_community_wk2:main:106 - Loading data from /Users/luiginocleofa/1_HU_Post_HBO_AI/DAV/MADS-DAV/data/processed/whatsapp-20250910-235500.parquet
2025-10-23 21:09:25.523 | INFO     | wa_analyzer.apartment_community_wk2:main:110 - === Analyzing keyword: 'lift' ===
2025-10-23 21:09:25.890 | INFO     | wa_analyzer.apartment_community_wk2:plot_trend:78 - Saved trend plot to /Users/luiginocleofa/1_HU_Post_HBO_AI/DAV/MADS-DAV/img/lift_trend_wk2.png
2025-10-23 21:09:25.890 | INFO     | wa_analyzer.apartment_community_wk2:main:118 - Done!
2025-10-23 21:10:33.210 | INFO     | wa_analyzer.apartment_community_wk2:main:106 - Loading data from /Users/luiginocleofa/1_HU_Post_HBO_AI/DAV/MADS-DAV/data/processed/whatsapp-20250910-235500.parquet
2025-10-23 21:10:33.249 | INFO     | wa_analyzer.apartment_community_wk2:main:110 - === Analyzing keyword: 'lift' ===
2025-10-23 21:10:33.586 | INFO     | wa_analyzer.apartment_community_wk2:plot_trend:78 - Saved trend plot to /Users/luiginocleofa/1_HU_Post_HBO_AI/DAV/MADS-DAV/img/lift_trend_wk2.png
2025-10-23 21:10:33.586 | INFO     | wa_analyzer.apartment_community_wk2:main:115 - Done!
2025-10-23 21:18:56.678 | INFO     | wa_analyzer.apartment_community_wk2:main:106 - Loading data from /Users/luiginocleofa/1_HU_Post_HBO_AI/DAV/MADS-DAV/data/processed/whatsapp-20250910-235500.parquet
2025-10-23 21:18:56.728 | INFO     | wa_analyzer.apartment_community_wk2:main:110 - === Analyzing keyword: 'lift' ===
2025-10-23 21:18:57.098 | INFO     | wa_analyzer.apartment_community_wk2:plot_trend:78 - Saved trend plot to /Users/luiginocleofa/1_HU_Post_HBO_AI/DAV/MADS-DAV/img/lift_trend_wk2.png
2025-10-23 21:18:57.098 | INFO     | wa_analyzer.apartment_community_wk2:main:115 - Done!
2025-10-23 21:21:05.515 | INFO     | wa_analyzer.apartment_community_wk2:main:106 - Loading data from /Users/luiginocleofa/1_HU_Post_HBO_AI/DAV/MADS-DAV/data/processed/whatsapp-20250910-235500.parquet
2025-10-23 21:21:05.572 | INFO     | wa_analyzer.apartment_community_wk2:main:110 - === Analyzing keyword: 'lift' ===
2025-10-23 21:21:05.922 | INFO     | wa_analyzer.apartment_community_wk2:plot_trend:78 - Saved trend plot to /Users/luiginocleofa/1_HU_Post_HBO_AI/DAV/MADS-DAV/img/lift_trend_wk2.png
2025-10-23 21:21:05.923 | INFO     | wa_analyzer.apartment_community_wk2:main:115 - Done!
2025-10-23 21:23:17.925 | INFO     | wa_analyzer.apartment_community_wk2_2:main:162 - Loading data from /Users/luiginocleofa/1_HU_Post_HBO_AI/DAV/MADS-DAV/data/processed/whatsapp-20250910-235500.parquet
2025-10-23 21:23:17.978 | INFO     | wa_analyzer.apartment_community_wk2_2:main:166 - === Analyzing keyword: 'lift' ===
2025-10-23 21:23:18.340 | INFO     | wa_analyzer.apartment_community_wk2_2:plot_trend:133 - Saved trend plot to /Users/luiginocleofa/1_HU_Post_HBO_AI/DAV/MADS-DAV/img/lift_trend_wk2.png
2025-10-23 21:23:18.341 | INFO     | wa_analyzer.apartment_community_wk2_2:main:171 - Done!
2025-10-23 21:25:08.843 | INFO     | wa_analyzer.apartment_community_wk2_2:main:211 - Loading data from /Users/luiginocleofa/1_HU_Post_HBO_AI/DAV/MADS-DAV/data/processed/whatsapp-20250910-235500.parquet
2025-10-23 21:25:08.895 | INFO     | wa_analyzer.apartment_community_wk2_2:main:215 - === Analyzing keyword: 'lift' ===
2025-10-23 21:25:10.238 | INFO     | wa_analyzer.apartment_community_wk2_2:plot_trend:182 - Saved bar trend plot to /Users/luiginocleofa/1_HU_Post_HBO_AI/DAV/MADS-DAV/img/lift_trend_bar.png
2025-10-23 21:25:10.238 | INFO     | wa_analyzer.apartment_community_wk2_2:main:220 - Done!
2025-10-23 21:27:01.380 | INFO     | wa_analyzer.apartment_community_wk2_2:main:161 - Loading data from /Users/luiginocleofa/1_HU_Post_HBO_AI/DAV/MADS-DAV/data/processed/whatsapp-20250910-235500.parquet
2025-10-23 21:27:01.425 | INFO     | wa_analyzer.apartment_community_wk2_2:main:165 - === Analyzing keyword: 'lift' ===
2025-10-23 21:27:01.768 | INFO     | wa_analyzer.apartment_community_wk2_2:plot_trend:133 - Saved trend plot to /Users/luiginocleofa/1_HU_Post_HBO_AI/DAV/MADS-DAV/img/lift_trend_wk2.png
2025-10-23 21:27:01.768 | INFO     | wa_analyzer.apartment_community_wk2_2:main:170 - Done!
2025-10-23 21:28:48.870 | INFO     | wa_analyzer.apartment_community_wk2_2:main:156 - Loading data from /Users/luiginocleofa/1_HU_Post_HBO_AI/DAV/MADS-DAV/data/processed/whatsapp-20250910-235500.parquet
2025-10-23 21:28:48.917 | INFO     | wa_analyzer.apartment_community_wk2_2:main:160 - === Analyzing keyword: 'lift' ===
2025-10-23 21:28:49.264 | INFO     | wa_analyzer.apartment_community_wk2_2:plot_trend:127 - Saved trend plot to /Users/luiginocleofa/1_HU_Post_HBO_AI/DAV/MADS-DAV/img/lift_trend_wk2.png
2025-10-23 21:28:49.265 | INFO     | wa_analyzer.apartment_community_wk2_2:main:165 - Done!
2025-10-23 21:31:18.076 | INFO     | wa_analyzer.apartment_community_wk2_2:main:165 - Loading data from /Users/luiginocleofa/1_HU_Post_HBO_AI/DAV/MADS-DAV/data/processed/whatsapp-20250910-235500.parquet
2025-10-23 21:31:18.216 | INFO     | wa_analyzer.apartment_community_wk2_2:main:169 - === Analyzing keyword: 'lift' ===
2025-10-23 21:31:18.563 | INFO     | wa_analyzer.apartment_community_wk2_2:plot_trend:135 - Saved trend plot to /Users/luiginocleofa/1_HU_Post_HBO_AI/DAV/MADS-DAV/img/lift_trend_wk2.png
2025-10-23 21:31:18.564 | INFO     | wa_analyzer.apartment_community_wk2_2:main:174 - Done!
2025-10-23 21:34:14.995 | INFO     | wa_analyzer.apartment_community_wk2_2:main:190 - Loading data from /Users/luiginocleofa/1_HU_Post_HBO_AI/DAV/MADS-DAV/data/processed/whatsapp-20250910-235500.parquet
2025-10-23 21:34:15.040 | INFO     | wa_analyzer.apartment_community_wk2_2:main:194 - === Analyzing keyword: 'lift' ===
2025-10-23 21:34:15.357 | INFO     | wa_analyzer.apartment_community_wk2_2:plot_trend:162 - Saved trend plot to /Users/luiginocleofa/1_HU_Post_HBO_AI/DAV/MADS-DAV/img/lift_trend_wk2.png
2025-10-23 21:34:15.357 | INFO     | wa_analyzer.apartment_community_wk2_2:main:199 - Done!
2025-10-23 21:38:49.471 | INFO     | wa_analyzer.apartment_community_wk2_2:main:255 - Loading data from /Users/luiginocleofa/1_HU_Post_HBO_AI/DAV/MADS-DAV/data/processed/whatsapp-20250910-235500.parquet
2025-10-23 21:38:49.511 | INFO     | wa_analyzer.apartment_community_wk2_2:main:259 - === Analyzing keyword: 'lift' ===
2025-10-23 21:38:50.014 | INFO     | wa_analyzer.apartment_community_wk2_2:plot_trend:227 - Saved monthly trend plot to /Users/luiginocleofa/1_HU_Post_HBO_AI/DAV/MADS-DAV/img/lift_trend_monthly.png
2025-10-23 21:38:50.014 | INFO     | wa_analyzer.apartment_community_wk2_2:main:264 - Done!
2025-10-23 21:39:40.991 | INFO     | wa_analyzer.apartment_community_wk2_2:main:255 - Loading data from /Users/luiginocleofa/1_HU_Post_HBO_AI/DAV/MADS-DAV/data/processed/whatsapp-20250910-235500.parquet
2025-10-23 21:39:41.035 | INFO     | wa_analyzer.apartment_community_wk2_2:main:259 - === Analyzing keyword: 'lift' ===
2025-10-23 21:39:41.527 | INFO     | wa_analyzer.apartment_community_wk2_2:plot_trend:227 - Saved monthly trend plot to /Users/luiginocleofa/1_HU_Post_HBO_AI/DAV/MADS-DAV/img/lift_trend_monthly.png
2025-10-23 21:39:41.528 | INFO     | wa_analyzer.apartment_community_wk2_2:main:264 - Done!
2025-10-23 21:46:34.204 | INFO     | wa_analyzer.apartment_community_wk2_2:main:255 - Loading data from /Users/luiginocleofa/1_HU_Post_HBO_AI/DAV/MADS-DAV/data/processed/whatsapp-20250910-235500.parquet
2025-10-23 21:46:34.258 | INFO     | wa_analyzer.apartment_community_wk2_2:main:259 - === Analyzing keyword: 'lift' ===
2025-10-23 21:46:34.711 | INFO     | wa_analyzer.apartment_community_wk2_2:plot_trend:227 - Saved monthly trend plot to /Users/luiginocleofa/1_HU_Post_HBO_AI/DAV/MADS-DAV/img/lift_trend_monthly.png
2025-10-23 21:46:34.711 | INFO     | wa_analyzer.apartment_community_wk2_2:main:264 - Done!
2025-10-23 21:48:05.333 | INFO     | wa_analyzer.apartment_community_wk2_2:main:138 - Loading data from /Users/luiginocleofa/1_HU_Post_HBO_AI/DAV/MADS-DAV/data/processed/whatsapp-20250910-235500.parquet
2025-10-23 21:48:05.377 | INFO     | wa_analyzer.apartment_community_wk2_2:main:142 - === Analyzing keyword: 'lift' ===
2025-10-23 21:48:05.813 | INFO     | wa_analyzer.apartment_community_wk2_2:plot_trend:110 - Saved monthly trend plot to /Users/luiginocleofa/1_HU_Post_HBO_AI/DAV/MADS-DAV/img/lift_trend_monthly.png
2025-10-23 21:48:05.813 | INFO     | wa_analyzer.apartment_community_wk2_2:main:147 - Done!
2025-10-23 21:50:24.366 | INFO     | wa_analyzer.apartment_community_wk2_2:main:138 - Loading data from /Users/luiginocleofa/1_HU_Post_HBO_AI/DAV/MADS-DAV/data/processed/whatsapp-20250910-235500.parquet
2025-10-23 21:50:24.425 | INFO     | wa_analyzer.apartment_community_wk2_2:main:142 - === Analyzing keyword: 'lift' ===
2025-10-23 21:50:24.871 | INFO     | wa_analyzer.apartment_community_wk2_2:plot_trend:110 - Saved monthly trend plot to /Users/luiginocleofa/1_HU_Post_HBO_AI/DAV/MADS-DAV/img/lift_trend_monthly.png
2025-10-23 21:50:24.872 | INFO     | wa_analyzer.apartment_community_wk2_2:main:147 - Done!
2025-10-23 21:52:04.008 | INFO     | wa_analyzer.apartment_community_wk2_2:main:138 - Loading data from /Users/luiginocleofa/1_HU_Post_HBO_AI/DAV/MADS-DAV/data/processed/whatsapp-20250910-235500.parquet
2025-10-23 21:52:04.052 | INFO     | wa_analyzer.apartment_community_wk2_2:main:142 - === Analyzing keyword: 'lift' ===
2025-10-23 21:52:04.500 | INFO     | wa_analyzer.apartment_community_wk2_2:plot_trend:110 - Saved monthly trend plot to /Users/luiginocleofa/1_HU_Post_HBO_AI/DAV/MADS-DAV/img/lift_trend_monthly.png
2025-10-23 21:52:04.500 | INFO     | wa_analyzer.apartment_community_wk2_2:main:147 - Done!
2025-10-23 21:53:09.420 | INFO     | wa_analyzer.apartment_community_wk2_2:main:138 - Loading data from /Users/luiginocleofa/1_HU_Post_HBO_AI/DAV/MADS-DAV/data/processed/whatsapp-20250910-235500.parquet
2025-10-23 21:53:09.469 | INFO     | wa_analyzer.apartment_community_wk2_2:main:142 - === Analyzing keyword: 'lift' ===
2025-10-23 21:53:09.932 | INFO     | wa_analyzer.apartment_community_wk2_2:plot_trend:110 - Saved monthly trend plot to /Users/luiginocleofa/1_HU_Post_HBO_AI/DAV/MADS-DAV/img/lift_trend_monthly.png
2025-10-23 21:53:09.933 | INFO     | wa_analyzer.apartment_community_wk2_2:main:147 - Done!
2025-10-23 21:53:41.917 | INFO     | wa_analyzer.apartment_community_wk2_2:main:138 - Loading data from /Users/luiginocleofa/1_HU_Post_HBO_AI/DAV/MADS-DAV/data/processed/whatsapp-20250910-235500.parquet
2025-10-23 21:53:41.970 | INFO     | wa_analyzer.apartment_community_wk2_2:main:142 - === Analyzing keyword: 'lift' ===
2025-10-23 21:53:42.455 | INFO     | wa_analyzer.apartment_community_wk2_2:plot_trend:110 - Saved monthly trend plot to /Users/luiginocleofa/1_HU_Post_HBO_AI/DAV/MADS-DAV/img/lift_trend_monthly.png
2025-10-23 21:53:42.455 | INFO     | wa_analyzer.apartment_community_wk2_2:main:147 - Done!
2025-10-23 21:54:19.241 | INFO     | wa_analyzer.apartment_community_wk2_2:main:138 - Loading data from /Users/luiginocleofa/1_HU_Post_HBO_AI/DAV/MADS-DAV/data/processed/whatsapp-20250910-235500.parquet
2025-10-23 21:54:19.297 | INFO     | wa_analyzer.apartment_community_wk2_2:main:142 - === Analyzing keyword: 'lift' ===
2025-10-23 21:54:19.749 | INFO     | wa_analyzer.apartment_community_wk2_2:plot_trend:110 - Saved monthly trend plot to /Users/luiginocleofa/1_HU_Post_HBO_AI/DAV/MADS-DAV/img/lift_trend_monthly.png
2025-10-23 21:54:19.750 | INFO     | wa_analyzer.apartment_community_wk2_2:main:147 - Done!
2025-10-23 21:56:12.127 | INFO     | wa_analyzer.apartment_community_wk2_2:main:144 - Loading data from /Users/luiginocleofa/1_HU_Post_HBO_AI/DAV/MADS-DAV/data/processed/whatsapp-20250910-235500.parquet
2025-10-23 21:56:12.178 | INFO     | wa_analyzer.apartment_community_wk2_2:main:148 - === Analyzing keyword: 'lift' ===
2025-10-23 21:56:12.551 | INFO     | wa_analyzer.apartment_community_wk2_2:plot_trend:116 - Saved monthly trend plot to /Users/luiginocleofa/1_HU_Post_HBO_AI/DAV/MADS-DAV/img/lift_trend_monthly.png
2025-10-23 21:56:12.551 | INFO     | wa_analyzer.apartment_community_wk2_2:main:153 - Done!
2025-10-23 21:56:56.831 | INFO     | wa_analyzer.apartment_community_wk2_2:main:144 - Loading data from /Users/luiginocleofa/1_HU_Post_HBO_AI/DAV/MADS-DAV/data/processed/whatsapp-20250910-235500.parquet
2025-10-23 21:56:56.887 | INFO     | wa_analyzer.apartment_community_wk2_2:main:148 - === Analyzing keyword: 'lift' ===
2025-10-23 21:56:57.277 | INFO     | wa_analyzer.apartment_community_wk2_2:plot_trend:116 - Saved monthly trend plot to /Users/luiginocleofa/1_HU_Post_HBO_AI/DAV/MADS-DAV/img/lift_trend_monthly.png
2025-10-23 21:56:57.277 | INFO     | wa_analyzer.apartment_community_wk2_2:main:153 - Done!
2025-10-23 21:57:27.260 | INFO     | wa_analyzer.apartment_community_wk2_2:main:144 - Loading data from /Users/luiginocleofa/1_HU_Post_HBO_AI/DAV/MADS-DAV/data/processed/whatsapp-20250910-235500.parquet
2025-10-23 21:57:27.305 | INFO     | wa_analyzer.apartment_community_wk2_2:main:148 - === Analyzing keyword: 'lift' ===
2025-10-23 21:57:27.657 | INFO     | wa_analyzer.apartment_community_wk2_2:plot_trend:116 - Saved monthly trend plot to /Users/luiginocleofa/1_HU_Post_HBO_AI/DAV/MADS-DAV/img/lift_trend_monthly.png
2025-10-23 21:57:27.657 | INFO     | wa_analyzer.apartment_community_wk2_2:main:153 - Done!
2025-10-23 21:57:49.758 | INFO     | wa_analyzer.apartment_community_wk2_2:main:144 - Loading data from /Users/luiginocleofa/1_HU_Post_HBO_AI/DAV/MADS-DAV/data/processed/whatsapp-20250910-235500.parquet
2025-10-23 21:57:49.809 | INFO     | wa_analyzer.apartment_community_wk2_2:main:148 - === Analyzing keyword: 'lift' ===
2025-10-23 21:59:29.134 | INFO     | wa_analyzer.apartment_community_wk2_2:main:144 - Loading data from /Users/luiginocleofa/1_HU_Post_HBO_AI/DAV/MADS-DAV/data/processed/whatsapp-20250910-235500.parquet
2025-10-23 21:59:29.197 | INFO     | wa_analyzer.apartment_community_wk2_2:main:148 - === Analyzing keyword: 'lift' ===
2025-10-23 21:59:29.577 | INFO     | wa_analyzer.apartment_community_wk2_2:plot_trend:116 - Saved monthly trend plot to /Users/luiginocleofa/1_HU_Post_HBO_AI/DAV/MADS-DAV/img/lift_trend_monthly.png
2025-10-23 21:59:29.577 | INFO     | wa_analyzer.apartment_community_wk2_2:main:153 - Done!
2025-10-23 22:00:19.570 | INFO     | wa_analyzer.apartment_community_wk2_2:main:144 - Loading data from /Users/luiginocleofa/1_HU_Post_HBO_AI/DAV/MADS-DAV/data/processed/whatsapp-20250910-235500.parquet
2025-10-23 22:00:19.617 | INFO     | wa_analyzer.apartment_community_wk2_2:main:148 - === Analyzing keyword: 'lift' ===
2025-10-23 22:00:19.998 | INFO     | wa_analyzer.apartment_community_wk2_2:plot_trend:116 - Saved monthly trend plot to /Users/luiginocleofa/1_HU_Post_HBO_AI/DAV/MADS-DAV/img/lift_trend_monthly_wk2.png
2025-10-23 22:00:19.998 | INFO     | wa_analyzer.apartment_community_wk2_2:main:153 - Done!
2025-10-23 22:02:29.517 | INFO     | wa_analyzer.apartment_community_wk2:main:138 - Loading data from /Users/luiginocleofa/1_HU_Post_HBO_AI/DAV/MADS-DAV/data/processed/whatsapp-20250910-235500.parquet
2025-10-23 22:02:29.568 | INFO     | wa_analyzer.apartment_community_wk2:main:142 - === Analyzing keyword: 'lift' ===
2025-10-23 22:02:29.908 | INFO     | wa_analyzer.apartment_community_wk2:plot_trend:110 - Saved monthly trend plot to /Users/luiginocleofa/1_HU_Post_HBO_AI/DAV/MADS-DAV/img/lift_trend_monthly_wk2.png
2025-10-23 22:02:29.908 | INFO     | wa_analyzer.apartment_community_wk2:main:147 - Done!
2025-10-23 22:05:08.201 | INFO     | wa_analyzer.apartment_community_wk2:main:201 - Loading data from /Users/luiginocleofa/1_HU_Post_HBO_AI/DAV/MADS-DAV/data/processed/whatsapp-20250910-235500.parquet
2025-10-23 22:05:08.257 | INFO     | wa_analyzer.apartment_community_wk2:main:205 - === Analyzing keyword: 'lift' ===
2025-10-23 22:05:08.640 | INFO     | wa_analyzer.apartment_community_wk2:plot_trend:173 - Saved monthly bar trend plot to /Users/luiginocleofa/1_HU_Post_HBO_AI/DAV/MADS-DAV/img/lift_trend_monthly_bar.png
2025-10-23 22:05:08.640 | INFO     | wa_analyzer.apartment_community_wk2:main:210 - Done!
2025-10-23 22:09:06.807 | INFO     | wa_analyzer.apartment_community_wk2:main:135 - Loading data from /Users/luiginocleofa/1_HU_Post_HBO_AI/DAV/MADS-DAV/data/processed/whatsapp-20250910-235500.parquet
2025-10-23 22:09:06.862 | INFO     | wa_analyzer.apartment_community_wk2:main:139 - === Analyzing keyword: 'lift' ===
2025-10-23 22:09:07.259 | INFO     | wa_analyzer.apartment_community_wk2:plot_trend:107 - Saved monthly bar trend plot to /Users/luiginocleofa/1_HU_Post_HBO_AI/DAV/MADS-DAV/img/lift_trend_monthly_bar.png
2025-10-23 22:09:07.259 | INFO     | wa_analyzer.apartment_community_wk2:main:144 - Done!
2025-10-23 22:10:53.134 | INFO     | wa_analyzer.apartment_community_wk2:main:135 - Loading data from /Users/luiginocleofa/1_HU_Post_HBO_AI/DAV/MADS-DAV/data/processed/whatsapp-20250910-235500.parquet
2025-10-23 22:10:53.175 | INFO     | wa_analyzer.apartment_community_wk2:main:139 - === Analyzing keyword: 'lift' ===
2025-10-23 22:10:53.521 | INFO     | wa_analyzer.apartment_community_wk2:plot_trend:107 - Saved monthly bar trend plot to /Users/luiginocleofa/1_HU_Post_HBO_AI/DAV/MADS-DAV/img/wk2_lift_gesprekken_monthly_bar.png
2025-10-23 22:10:53.521 | INFO     | wa_analyzer.apartment_community_wk2:main:144 - Done!
2025-10-23 22:11:42.566 | INFO     | wa_analyzer.apartment_community_wk2:main:135 - Loading data from /Users/luiginocleofa/1_HU_Post_HBO_AI/DAV/MADS-DAV/data/processed/whatsapp-20250910-235500.parquet
2025-10-23 22:11:42.613 | INFO     | wa_analyzer.apartment_community_wk2:main:139 - === Analyzing keyword: 'lift' ===
2025-10-23 22:11:42.979 | INFO     | wa_analyzer.apartment_community_wk2:plot_trend:107 - Saved monthly bar trend plot to /Users/luiginocleofa/1_HU_Post_HBO_AI/DAV/MADS-DAV/img/wk2_lift_gesprekken_bar_plot.png
2025-10-23 22:11:42.980 | INFO     | wa_analyzer.apartment_community_wk2:main:144 - Done!
2025-10-23 22:14:20.927 | INFO     | wa_analyzer.apartment_community_wk2:main:135 - Loading data from /Users/luiginocleofa/1_HU_Post_HBO_AI/DAV/MADS-DAV/data/processed/whatsapp-20250910-235500.parquet
2025-10-23 22:14:20.967 | INFO     | wa_analyzer.apartment_community_wk2:main:139 - === Analyzing keyword: 'lift' ===
2025-10-23 22:14:21.414 | INFO     | wa_analyzer.apartment_community_wk2:plot_trend:107 - Saved monthly bar trend plot to /Users/luiginocleofa/1_HU_Post_HBO_AI/DAV/MADS-DAV/img/wk2_lift_gesprekken_bar_plot.png
2025-10-23 22:14:21.415 | INFO     | wa_analyzer.apartment_community_wk2:main:144 - Done!
2025-10-23 22:22:36.747 | INFO     | wa_analyzer.apartment_community_wk2:main:135 - Loading data from /Users/luiginocleofa/1_HU_Post_HBO_AI/DAV/MADS-DAV/data/processed/whatsapp-20250910-235500.parquet
2025-10-23 22:22:36.785 | INFO     | wa_analyzer.apartment_community_wk2:main:139 - === Analyzing keyword: 'lift' ===
2025-10-23 22:22:37.153 | INFO     | wa_analyzer.apartment_community_wk2:plot_trend:107 - Saved monthly bar trend plot to /Users/luiginocleofa/1_HU_Post_HBO_AI/DAV/MADS-DAV/img/wk2_lift_gesprekken.png
2025-10-23 22:22:37.153 | INFO     | wa_analyzer.apartment_community_wk2:main:144 - Done!
2025-10-23 22:27:21.726 | INFO     | wa_analyzer.apartment_community_wk2:main:135 - Loading data from /Users/luiginocleofa/1_HU_Post_HBO_AI/DAV/MADS-DAV/data/processed/whatsapp-20250910-235500.parquet
2025-10-23 22:27:21.775 | INFO     | wa_analyzer.apartment_community_wk2:main:139 - === Analyzing keyword: 'lift' ===
2025-10-23 22:27:22.141 | INFO     | wa_analyzer.apartment_community_wk2:plot_trend:107 - Saved monthly bar trend plot to /Users/luiginocleofa/1_HU_Post_HBO_AI/DAV/MADS-DAV/img/wk2_lift_gesprekken_comparing_categories.png
2025-10-23 22:27:22.141 | INFO     | wa_analyzer.apartment_community_wk2:main:144 - Done!
2025-10-27 07:09:59.717 | INFO     | __main__:main:135 - Loading data from /Users/luiginocleofa/1_HU_Post_HBO_AI/DAV/github/HU-DAV/data/processed/whatsapp-20250910-235500.parquet
2025-10-27 07:10:00.379 | INFO     | __main__:main:139 - === Analyzing keyword: 'lift' ===
2025-10-27 07:10:01.252 | INFO     | __main__:plot_trend:107 - Saved plot to /Users/luiginocleofa/1_HU_Post_HBO_AI/DAV/github/HU-DAV/img/wk2_lift_gesprekken_comparing_categories.png
2025-10-27 07:10:01.252 | INFO     | __main__:main:144 - Done!
2025-10-27 07:12:02.035 | INFO     | __main__:main:135 - Loading data from /Users/luiginocleofa/1_HU_Post_HBO_AI/DAV/github/HU-DAV/data/processed/whatsapp-20250910-235500.parquet
2025-10-27 07:12:02.165 | INFO     | __main__:main:139 - === Analyzing keyword: 'lift' ===
2025-10-27 07:12:02.786 | INFO     | __main__:plot_trend:107 - Saved plot to /Users/luiginocleofa/1_HU_Post_HBO_AI/DAV/github/HU-DAV/img/wk2_lift_gesprekken_comparing_categories.png
2025-10-27 07:12:02.787 | INFO     | __main__:main:144 - Done!
