2025-09-24 01:47:34.755 | INFO     | wa_analyzer.apartment_community_wk3_2:plot:69 - Plot saved to /Users/luiginocleofa/1_HU_Post_HBO_AI/DAV/MADS-DAV/img/camera_messages_plot.png
2025-09-24 01:52:36.345 | INFO     | wa_analyzer.apartment_community_wk3_2:plot:77 - Plot saved to /Users/luiginocleofa/1_HU_Post_HBO_AI/DAV/MADS-DAV/img/camera_messages_plot.png
2025-09-24 08:24:28.152 | WARNING  | wa_analyzer.apartment_community_wk3_2:main:152 - Datafile does not exist. Run preprocess.py first.
2025-09-24 09:08:36.546 | INFO     | wa_analyzer.apartment_community_wk3_2:plot:158 - Plot saved to /Users/luiginocleofa/1_HU_Post_HBO_AI/DAV/MADS-DAV/img/sentiment_plot_camera_wk3.png
2025-09-24 09:09:25.315 | INFO     | wa_analyzer.apartment_community_wk3_2:plot:158 - Plot saved to /Users/luiginocleofa/1_HU_Post_HBO_AI/DAV/MADS-DAV/img/sentiment_plot_camera_wk3.png
2025-09-24 09:10:53.619 | INFO     | wa_analyzer.apartment_community_wk3_2:plot:158 - Plot saved to /Users/luiginocleofa/1_HU_Post_HBO_AI/DAV/MADS-DAV/img/camerabeveiliging_camera_wk3.png
2025-09-24 09:17:44.801 | INFO     | wa_analyzer.apartment_community_wk3_2:plot:158 - Plot saved to /Users/luiginocleofa/1_HU_Post_HBO_AI/DAV/MADS-DAV/img/camerabeveiliging_camera_wk3.png
2025-09-24 09:24:25.302 | INFO     | wa_analyzer.apartment_community_wk3:plot:141 - Plot saved to /Users/luiginocleofa/1_HU_Post_HBO_AI/DAV/MADS-DAV/img/camerabeveiliging_camera_wk3.png
2025-09-24 09:24:52.385 | INFO     | wa_analyzer.apartment_community_wk3:plot:141 - Plot saved to /Users/luiginocleofa/1_HU_Post_HBO_AI/DAV/MADS-DAV/img/camerabeveiliging_camera_wk3.png
2025-09-24 09:45:41.288 | INFO     | wa_analyzer.apartment_community_wk3:plot:141 - Plot saved to /Users/luiginocleofa/1_HU_Post_HBO_AI/DAV/MADS-DAV/img/Beveiliging_camera_wk3.png
2025-10-11 10:28:31.355 | INFO     | wa_analyzer.apartment_community_wk52:load_data:84 - Data successfully loaded and merged with metadata.
2025-10-11 10:28:31.356 | INFO     | wa_analyzer.apartment_community_wk52:main:189 - === Analyzing keyword: 'lift' ===
2025-10-11 10:28:31.368 | INFO     | wa_analyzer.apartment_community_wk52:preprocess:105 - Preprocessing complete: messages containing 'lift' identified.
2025-10-11 10:28:31.376 | INFO     | wa_analyzer.apartment_community_wk52:aggregate_by_floor:118 - Aggregation complete. Stats per floor computed.
2025-10-11 10:28:31.872 | INFO     | wa_analyzer.apartment_community_wk52:plot_keyword_mentions:155 - Plot saved to /Users/luiginocleofa/1_HU_Post_HBO_AI/DAV/MADS-DAV/img/elevator_mentions_lift.png
2025-10-11 11:13:56.393 | INFO     | wa_analyzer.apartment_community_wk52:load_data:84 - Data successfully loaded and merged with metadata.
2025-10-11 11:13:56.394 | INFO     | wa_analyzer.apartment_community_wk52:main:189 - === Analyzing keyword: 'lift' ===
2025-10-11 11:13:56.407 | INFO     | wa_analyzer.apartment_community_wk52:preprocess:105 - Preprocessing complete: messages containing 'lift' identified.
2025-10-11 11:13:56.418 | INFO     | wa_analyzer.apartment_community_wk52:aggregate_by_floor:118 - Aggregation complete. Stats per floor computed.
2025-10-11 11:13:56.914 | INFO     | wa_analyzer.apartment_community_wk52:plot_keyword_mentions:155 - Plot saved to /Users/luiginocleofa/1_HU_Post_HBO_AI/DAV/MADS-DAV/img/elevator_mentions_lift.png
2025-10-11 11:16:41.765 | INFO     | wa_analyzer.apartment_community_wk52:load_data:84 - Data successfully loaded and merged with metadata.
2025-10-11 11:16:41.767 | INFO     | wa_analyzer.apartment_community_wk52:main:189 - === Analyzing keyword: 'lift' ===
2025-10-11 11:16:41.778 | INFO     | wa_analyzer.apartment_community_wk52:preprocess:105 - Preprocessing complete: messages containing 'lift' identified.
2025-10-11 11:16:41.786 | INFO     | wa_analyzer.apartment_community_wk52:aggregate_by_floor:118 - Aggregation complete. Stats per floor computed.
2025-10-11 11:16:42.243 | INFO     | wa_analyzer.apartment_community_wk52:plot_keyword_mentions:155 - Plot saved to /Users/luiginocleofa/1_HU_Post_HBO_AI/DAV/MADS-DAV/img/elevator_mentions_lift.png
2025-10-11 11:16:53.173 | INFO     | wa_analyzer.apartment_community_wk52:load_data:84 - Data successfully loaded and merged with metadata.
2025-10-11 11:16:53.175 | INFO     | wa_analyzer.apartment_community_wk52:main:189 - === Analyzing keyword: 'lift' ===
2025-10-11 11:16:53.186 | INFO     | wa_analyzer.apartment_community_wk52:preprocess:105 - Preprocessing complete: messages containing 'lift' identified.
2025-10-11 11:16:53.193 | INFO     | wa_analyzer.apartment_community_wk52:aggregate_by_floor:118 - Aggregation complete. Stats per floor computed.
2025-10-11 11:16:53.636 | INFO     | wa_analyzer.apartment_community_wk52:plot_keyword_mentions:155 - Plot saved to /Users/luiginocleofa/1_HU_Post_HBO_AI/DAV/MADS-DAV/img/elevator_mentions_lift.png
2025-10-11 11:18:00.709 | INFO     | wa_analyzer.apartment_community_wk52:load_data:84 - Data successfully loaded and merged with metadata.
2025-10-11 11:18:00.710 | INFO     | wa_analyzer.apartment_community_wk52:main:189 - === Analyzing keyword: 'lift' ===
2025-10-11 11:18:00.722 | INFO     | wa_analyzer.apartment_community_wk52:preprocess:105 - Preprocessing complete: messages containing 'lift' identified.
2025-10-11 11:18:00.730 | INFO     | wa_analyzer.apartment_community_wk52:aggregate_by_floor:118 - Aggregation complete. Stats per floor computed.
2025-10-11 11:18:01.194 | INFO     | wa_analyzer.apartment_community_wk52:plot_keyword_mentions:155 - Plot saved to /Users/luiginocleofa/1_HU_Post_HBO_AI/DAV/MADS-DAV/img/elevator_mentions_lift.png
2025-10-11 11:25:36.639 | INFO     | wa_analyzer.apartment_community_wk52:load_data:84 - Data successfully loaded and merged with metadata.
2025-10-11 11:25:36.640 | INFO     | wa_analyzer.apartment_community_wk52:main:189 - === Analyzing keyword: 'lift' ===
2025-10-11 11:25:36.651 | INFO     | wa_analyzer.apartment_community_wk52:preprocess:105 - Preprocessing complete: messages containing 'lift' identified.
2025-10-11 11:25:36.658 | INFO     | wa_analyzer.apartment_community_wk52:aggregate_by_floor:118 - Aggregation complete. Stats per floor computed.
2025-10-11 11:25:37.327 | INFO     | wa_analyzer.apartment_community_wk52:plot_keyword_mentions:155 - Plot saved to /Users/luiginocleofa/1_HU_Post_HBO_AI/DAV/MADS-DAV/img/elevator_mentions_lift.png
2025-10-11 12:41:40.777 | INFO     | wa_analyzer.apartment_community_wk52:load_data:84 - Data successfully loaded and merged with metadata.
2025-10-11 12:41:40.778 | INFO     | wa_analyzer.apartment_community_wk52:main:189 - === Analyzing keyword: 'lift' ===
2025-10-11 12:41:40.880 | INFO     | wa_analyzer.apartment_community_wk52:preprocess:105 - Preprocessing complete: messages containing 'lift' identified.
2025-10-11 12:41:40.895 | INFO     | wa_analyzer.apartment_community_wk52:aggregate_by_floor:118 - Aggregation complete. Stats per floor computed.
2025-10-11 12:41:41.781 | INFO     | wa_analyzer.apartment_community_wk52:plot_keyword_mentions:155 - Plot saved to /Users/luiginocleofa/1_HU_Post_HBO_AI/DAV/MADS-DAV/img/elevator_mentions_lift.png
2025-10-23 00:24:49.373 | INFO     | wa_analyzer.apartment_community_wk52:load_data:84 - Data successfully loaded and merged with metadata.
2025-10-23 00:24:49.374 | INFO     | wa_analyzer.apartment_community_wk52:main:189 - === Analyzing keyword: 'lift' ===
2025-10-23 00:24:49.393 | INFO     | wa_analyzer.apartment_community_wk52:preprocess:105 - Preprocessing complete: messages containing 'lift' identified.
2025-10-23 00:24:49.404 | INFO     | wa_analyzer.apartment_community_wk52:aggregate_by_floor:118 - Aggregation complete. Stats per floor computed.
2025-10-23 00:24:50.046 | INFO     | wa_analyzer.apartment_community_wk52:plot_keyword_mentions:155 - Plot saved to /Users/luiginocleofa/1_HU_Post_HBO_AI/DAV/MADS-DAV/img/elevator_mentions_lift.png
2025-10-23 00:43:18.014 | INFO     | wa_analyzer.apartment_community_wk52:load_data:84 - Data successfully loaded and merged with metadata.
2025-10-23 00:43:18.016 | INFO     | wa_analyzer.apartment_community_wk52:main:189 - === Analyzing keyword: 'lift' ===
2025-10-23 00:43:18.030 | INFO     | wa_analyzer.apartment_community_wk52:preprocess:105 - Preprocessing complete: messages containing 'lift' identified.
2025-10-23 00:43:18.039 | INFO     | wa_analyzer.apartment_community_wk52:aggregate_by_floor:118 - Aggregation complete. Stats per floor computed.
2025-10-23 00:43:18.538 | INFO     | wa_analyzer.apartment_community_wk52:plot_keyword_mentions:155 - Plot saved to /Users/luiginocleofa/1_HU_Post_HBO_AI/DAV/MADS-DAV/img/elevator_mentions_lift.png
2025-10-23 00:52:27.116 | INFO     | wa_analyzer.apartment_community_wk52:load_data:84 - Data successfully loaded and merged with metadata.
2025-10-23 00:52:44.215 | INFO     | wa_analyzer.apartment_community_wk53:load_data:82 - Data successfully loaded and merged with metadata.
2025-10-23 00:52:44.217 | INFO     | wa_analyzer.apartment_community_wk53:main:186 - === Analyzing keywords: ['lift', 'trap'] ===
2025-10-23 00:52:44.236 | INFO     | wa_analyzer.apartment_community_wk53:preprocess:103 - Preprocessing complete: messages containing ['lift', 'trap'] identified.
2025-10-23 00:52:44.242 | INFO     | wa_analyzer.apartment_community_wk53:aggregate_by_floor:116 - Aggregation complete. Stats per floor computed.
2025-10-23 00:52:44.745 | INFO     | wa_analyzer.apartment_community_wk53:plot_keyword_mentions:153 - Plot saved to /Users/luiginocleofa/1_HU_Post_HBO_AI/DAV/MADS-DAV/img/elevator_mentions_lift_trap.png
2025-10-23 00:58:06.764 | INFO     | wa_analyzer.apartment_community_wk54:load_data:82 - Data successfully loaded and merged with metadata.
2025-10-23 00:58:06.765 | INFO     | wa_analyzer.apartment_community_wk54:main:186 - === Analyzing keywords: ['lift', 'trap'] ===
2025-10-23 00:58:06.785 | INFO     | wa_analyzer.apartment_community_wk54:preprocess:103 - Preprocessing complete: messages containing ['lift', 'trap'] identified.
2025-10-23 00:58:06.792 | INFO     | wa_analyzer.apartment_community_wk54:aggregate_by_floor:116 - Aggregation complete. Stats per floor computed.
2025-10-23 00:58:07.299 | INFO     | wa_analyzer.apartment_community_wk54:plot_keyword_mentions:153 - Plot saved to /Users/luiginocleofa/1_HU_Post_HBO_AI/DAV/MADS-DAV/img/elevator_mentions_lift_trap.png
2025-10-23 22:15:37.423 | INFO     | wa_analyzer.apartment_community_wk3:plot:140 - Plot saved to /Users/luiginocleofa/1_HU_Post_HBO_AI/DAV/MADS-DAV/img/beveiliging_camera_wk3.png
2025-10-23 22:19:47.540 | INFO     | wa_analyzer.apartment_community_wk3:plot:139 - Plot saved to /Users/luiginocleofa/1_HU_Post_HBO_AI/DAV/MADS-DAV/img/wk3_beveiliging_camera.png
2025-10-23 22:20:16.826 | INFO     | wa_analyzer.apartment_community_wk3:plot:139 - Plot saved to /Users/luiginocleofa/1_HU_Post_HBO_AI/DAV/MADS-DAV/img/wk3_beveiliging_camera.png
2025-10-23 22:28:34.351 | INFO     | wa_analyzer.apartment_community_wk3:plot:139 - Plot saved to /Users/luiginocleofa/1_HU_Post_HBO_AI/DAV/MADS-DAV/img/wk3_beveiliging_camera_time.png
2025-10-24 01:03:57.513 | INFO     | wa_analyzer.apartment_community_wk4:main:144 - Loading data from /Users/luiginocleofa/1_HU_Post_HBO_AI/DAV/MADS-DAV/data/processed/whatsapp-20250910-235500.parquet
2025-10-24 01:16:16.459 | INFO     | wa_analyzer.apartment_community_wk4:load_data:86 - Loaded 4565 messages and 75 author metadata entries.
2025-10-24 01:17:46.026 | INFO     | wa_analyzer.apartment_community_wk4:main:196 - Done!
2025-10-24 01:17:51.962 | INFO     | wa_analyzer.apartment_community_wk4:load_data:86 - Loaded 4565 messages and 75 author metadata entries.
2025-10-24 01:18:48.647 | INFO     | wa_analyzer.apartment_community_wk4:main:202 - Done!
2025-10-24 01:19:21.385 | INFO     | wa_analyzer.apartment_community_wk4:load_data:86 - Loaded 4565 messages and 75 author metadata entries.
2025-10-24 01:19:45.730 | INFO     | wa_analyzer.apartment_community_wk4:main:174 - Done!
2025-10-24 01:19:52.564 | INFO     | wa_analyzer.apartment_community_wk4:load_data:86 - Loaded 4565 messages and 75 author metadata entries.
2025-10-24 01:20:20.029 | INFO     | wa_analyzer.apartment_community_wk4:main:174 - Done!
2025-10-24 01:28:26.627 | INFO     | wa_analyzer.apartment_community_wk4:load_data:86 - Loaded 4565 messages and 75 author metadata entries.
2025-10-24 01:29:45.942 | INFO     | wa_analyzer.apartment_community_wk4:load_data:86 - Loaded 4565 messages and 75 author metadata entries.
2025-10-24 01:29:46.362 | INFO     | wa_analyzer.apartment_community_wk4:plot_kde_by_gender:156 - Saved plot to /Users/luiginocleofa/1_HU_Post_HBO_AI/DAV/MADS-DAV/img/wk4_gesprekken_comparing_categories.png
2025-10-24 01:29:46.362 | INFO     | wa_analyzer.apartment_community_wk4:main:184 - Done!
2025-10-24 01:31:10.225 | INFO     | wa_analyzer.apartment_community_wk4:load_data:86 - Loaded 4565 messages and 75 author metadata entries.
2025-10-24 01:31:10.597 | INFO     | wa_analyzer.apartment_community_wk4:plot_kde_by_gender:156 - Saved plot to /Users/luiginocleofa/1_HU_Post_HBO_AI/DAV/MADS-DAV/img/wk4_log_berichtlengtes_distributions.png
2025-10-24 01:31:10.597 | INFO     | wa_analyzer.apartment_community_wk4:main:184 - Done!
2025-10-24 01:33:59.234 | INFO     | wa_analyzer.apartment_community_wk52:load_data:84 - Data successfully loaded and merged with metadata.
2025-10-24 01:33:59.235 | INFO     | wa_analyzer.apartment_community_wk52:main:189 - === Analyzing keyword: 'lift' ===
2025-10-24 01:33:59.247 | INFO     | wa_analyzer.apartment_community_wk52:preprocess:105 - Preprocessing complete: messages containing 'lift' identified.
2025-10-24 01:33:59.255 | INFO     | wa_analyzer.apartment_community_wk52:aggregate_by_floor:118 - Aggregation complete. Stats per floor computed.
2025-10-24 01:33:59.749 | INFO     | wa_analyzer.apartment_community_wk52:plot_keyword_mentions:155 - Plot saved to /Users/luiginocleofa/1_HU_Post_HBO_AI/DAV/MADS-DAV/img/elevator_mentions_lift.png
2025-10-24 01:44:36.569 | INFO     | wa_analyzer.apartment_community_wk52:load_data:84 - Data successfully loaded and merged with metadata.
2025-10-24 01:44:36.570 | INFO     | wa_analyzer.apartment_community_wk52:main:189 - === Analyzing keyword: 'lift' ===
2025-10-24 01:44:36.583 | INFO     | wa_analyzer.apartment_community_wk52:preprocess:105 - Preprocessing complete: messages containing 'lift' identified.
2025-10-24 01:44:36.591 | INFO     | wa_analyzer.apartment_community_wk52:aggregate_by_floor:118 - Aggregation complete. Stats per floor computed.
2025-10-24 01:44:37.093 | INFO     | wa_analyzer.apartment_community_wk52:plot_keyword_mentions:155 - Plot saved to /Users/luiginocleofa/1_HU_Post_HBO_AI/DAV/MADS-DAV/img/elevator_mentions_lift.png
2025-10-24 01:46:39.148 | INFO     | wa_analyzer.apartment_community_wk53:load_data:82 - Data successfully loaded and merged with metadata.
2025-10-24 01:46:39.149 | INFO     | wa_analyzer.apartment_community_wk53:main:186 - === Analyzing keywords: ['lift'] ===
2025-10-24 01:46:39.161 | INFO     | wa_analyzer.apartment_community_wk53:preprocess:103 - Preprocessing complete: messages containing ['lift'] identified.
2025-10-24 01:46:39.170 | INFO     | wa_analyzer.apartment_community_wk53:aggregate_by_floor:116 - Aggregation complete. Stats per floor computed.
2025-10-24 01:46:39.646 | INFO     | wa_analyzer.apartment_community_wk53:plot_keyword_mentions:153 - Plot saved to /Users/luiginocleofa/1_HU_Post_HBO_AI/DAV/MADS-DAV/img/elevator_mentions_lift.png
2025-10-24 01:46:55.361 | INFO     | wa_analyzer.apartment_community_wk54:load_data:82 - Data successfully loaded and merged with metadata.
2025-10-24 01:46:55.363 | INFO     | wa_analyzer.apartment_community_wk54:main:186 - === Analyzing keywords: ['lift'] ===
2025-10-24 01:46:55.377 | INFO     | wa_analyzer.apartment_community_wk54:preprocess:103 - Preprocessing complete: messages containing ['lift'] identified.
2025-10-24 01:46:55.386 | INFO     | wa_analyzer.apartment_community_wk54:aggregate_by_floor:116 - Aggregation complete. Stats per floor computed.
2025-10-24 01:46:55.864 | INFO     | wa_analyzer.apartment_community_wk54:plot_keyword_mentions:153 - Plot saved to /Users/luiginocleofa/1_HU_Post_HBO_AI/DAV/MADS-DAV/img/elevator_mentions_lift.png
2025-10-24 01:49:34.067 | INFO     | wa_analyzer.apartment_community_wk52:load_data:84 - Data successfully loaded and merged with metadata.
2025-10-24 01:49:34.068 | INFO     | wa_analyzer.apartment_community_wk52:main:189 - === Analyzing keyword: 'lift' ===
2025-10-24 01:49:34.080 | INFO     | wa_analyzer.apartment_community_wk52:preprocess:105 - Preprocessing complete: messages containing 'lift' identified.
2025-10-24 01:49:34.087 | INFO     | wa_analyzer.apartment_community_wk52:aggregate_by_floor:118 - Aggregation complete. Stats per floor computed.
2025-10-24 01:49:34.564 | INFO     | wa_analyzer.apartment_community_wk52:plot_keyword_mentions:155 - Plot saved to /Users/luiginocleofa/1_HU_Post_HBO_AI/DAV/MADS-DAV/img/elevator_mentions_lift.png
2025-10-24 01:51:08.823 | INFO     | wa_analyzer.apartment_community_wk54:load_data:82 - Data successfully loaded and merged with metadata.
2025-10-24 01:51:08.824 | INFO     | wa_analyzer.apartment_community_wk54:main:186 - === Analyzing keywords: ['lift'] ===
2025-10-24 01:51:08.836 | INFO     | wa_analyzer.apartment_community_wk54:preprocess:103 - Preprocessing complete: messages containing ['lift'] identified.
2025-10-24 01:51:08.844 | INFO     | wa_analyzer.apartment_community_wk54:aggregate_by_floor:116 - Aggregation complete. Stats per floor computed.
2025-10-24 01:51:09.356 | INFO     | wa_analyzer.apartment_community_wk54:plot_keyword_mentions:153 - Plot saved to /Users/luiginocleofa/1_HU_Post_HBO_AI/DAV/MADS-DAV/img/elevator_mentions_lift.png
2025-10-24 02:00:11.789 | INFO     | wa_analyzer.apartment_community_wk5:load_data:84 - Data successfully loaded and merged with metadata.
2025-10-24 02:00:11.791 | INFO     | wa_analyzer.apartment_community_wk5:main:194 - === Analyzing keyword: 'lift' ===
2025-10-24 02:00:11.803 | INFO     | wa_analyzer.apartment_community_wk5:preprocess:105 - Preprocessing complete: messages containing 'lift' identified.
2025-10-24 02:00:11.811 | INFO     | wa_analyzer.apartment_community_wk5:aggregate_by_floor:118 - Aggregation complete. Stats per floor computed.
2025-10-24 02:00:12.324 | INFO     | wa_analyzer.apartment_community_wk5:plot_keyword_mentions:155 - Plot saved to /Users/luiginocleofa/1_HU_Post_HBO_AI/DAV/MADS-DAV/img/elevator_mentions_lift.png
2025-10-24 02:00:12.436 | INFO     | wa_analyzer.apartment_community_wk5:plot_keyword_mentions:161 - Saved plot to /Users/luiginocleofa/1_HU_Post_HBO_AI/DAV/MADS-DAV/img/wk5_aantal_berichten_per_etage_relationship.png
2025-10-24 08:04:12.933 | INFO     | wa_analyzer.apartment_community_wk4:load_data:56 - Loaded 4565 messages and 75 author metadata entries.
2025-10-24 08:04:13.299 | INFO     | wa_analyzer.apartment_community_wk4:plot_kde_by_gender:126 - Saved plot to /Users/luiginocleofa/1_HU_Post_HBO_AI/DAV/MADS-DAV/img/wk4_log_berichtlengtes_distributions.png
2025-10-24 08:04:13.299 | INFO     | wa_analyzer.apartment_community_wk4:main:154 - Done!
2025-10-24 08:04:44.810 | INFO     | wa_analyzer.apartment_community_wk4:load_data:56 - Loaded 4565 messages and 75 author metadata entries.
2025-10-24 08:04:45.259 | INFO     | wa_analyzer.apartment_community_wk4:plot_kde_by_gender:126 - Saved plot to /Users/luiginocleofa/1_HU_Post_HBO_AI/DAV/MADS-DAV/img/wk4_log_berichtlengtes_distributions.png
2025-10-24 08:04:45.259 | INFO     | wa_analyzer.apartment_community_wk4:main:154 - Done!
