2025-09-21 20:28:28.311 | INFO     | __main__:<module>:25 - Logging initialized, writing to /Users/luiginocleofa/1_HU_Post_HBO_AI/DAV/MADS-DAV/notebooks/logs/logfile.log
2025-09-21 20:28:29.597 | DEBUG    | __main__:filter_cooccurring_months:32 - First 200 messages for '                             schoon      dank
timestamp                                    
2023-04-30 00:00:00+00:00  0.000000  0.000000
2023-06-30 00:00:00+00:00  0.000000  0.000000
2023-07-31 00:00:00+00:00  0.000000  0.006081
2023-08-31 00:00:00+00:00  0.000000  0.015625
2023-09-30 00:00:00+00:00  0.000000  0.041667
2023-10-31 00:00:00+00:00  0.000000  0.025202
2023-11-30 00:00:00+00:00 -0.012500  0.000000
2023-12-31 00:00:00+00:00  0.000000  0.050321
2024-02-29 00:00:00+00:00  0.000000  0.071429
2024-03-31 00:00:00+00:00  0.000000  0.111482
2024-04-30 00:00:00+00:00  0.000000  0.100055
2024-05-31 00:00:00+00:00  0.000000  0.054630
2024-06-30 00:00:00+00:00  0.000000  0.000000
2024-07-31 00:00:00+00:00  0.083854  0.056976
2024-08-31 00:00:00+00:00 -0.100000  0.000000
2024-09-30 00:00:00+00:00 -0.002500  0.048804
2024-10-31 00:00:00+00:00 -0.018750  0.041250
2024-11-30 00:00:00+00:00  0.000000  0.115530
2024-12-31 00:00:00+00:00  0.000000  0.038768
2025-01-31 00:00:00+00:00  0.000000  0.121324
2025-02-28 00:00:00+00:00  0.000000  0.013514
2025-04-30 00:00:00+00:00  0.000000  0.045956
2025-05-31 00:00:00+00:00  0.000000  0.000000
2025-06-30 00:00:00+00:00  0.000000  0.092578
2025-07-31 00:00:00+00:00  0.187500  0.091518
2025-08-31 00:00:00+00:00  0.001563  0.075000':
                             schoon      dank
timestamp                                    
2023-04-30 00:00:00+00:00  0.000000  0.000000
2023-06-30 00:00:00+00:00  0.000000  0.000000
2023-07-31 00:00:00+00:00  0.000000  0.006081
2023-08-31 00:00:00+00:00  0.000000  0.015625
2023-09-30 00:00:00+00:00  0.000000  0.041667
2023-10-31 00:00:00+00:00  0.000000  0.025202
2023-11-30 00:00:00+00:00 -0.012500  0.000000
2023-12-31 00:00:00+00:00  0.000000  0.050321
2024-02-29 00:00:00+00:00  0.000000  0.071429
2024-03-31 00:00:00+00:00  0.000000  0.111482
2024-04-30 00:00:00+00:00  0.000000  0.100055
2024-05-31 00:00:00+00:00  0.000000  0.054630
2024-06-30 00:00:00+00:00  0.000000  0.000000
2024-07-31 00:00:00+00:00  0.083854  0.056976
2024-08-31 00:00:00+00:00 -0.100000  0.000000
2024-09-30 00:00:00+00:00 -0.002500  0.048804
2024-10-31 00:00:00+00:00 -0.018750  0.041250
2024-11-30 00:00:00+00:00  0.000000  0.115530
2024-12-31 00:00:00+00:00  0.000000  0.038768
2025-01-31 00:00:00+00:00  0.000000  0.121324
2025-02-28 00:00:00+00:00  0.000000  0.013514
2025-04-30 00:00:00+00:00  0.000000  0.045956
2025-05-31 00:00:00+00:00  0.000000  0.000000
2025-06-30 00:00:00+00:00  0.000000  0.092578
2025-07-31 00:00:00+00:00  0.187500  0.091518
2025-08-31 00:00:00+00:00  0.001563  0.075000
2025-09-21 20:28:29.600 | INFO     | __main__:get_cooccurring_messages:42 - Logging cooccurring_messages                      timestamp  \
728  2023-10-02 20:48:12+00:00   
767  2023-10-07 18:21:29+00:00   
1610 2024-05-10 11:16:40+00:00   
2096 2024-07-05 10:57:46+00:00   
2145 2024-07-17 17:44:58+00:00   
2260 2024-07-26 12:05:35+00:00   
2324 2024-08-06 12:08:04+00:00   

                                                message  sentiment  
728   Veel dank voor schoonmaken betonspetters! Het ...    0.00000  
767     Dankjewel Joan, dat jij het hebt schoongemaakt.    0.00000  
1610                    Bedankt voor de schoonmaak Henk    0.00000  
2096  Hi Martin, dat zijn onze stukadoors geweest. E...    0.00000  
2145  Vandaag de box gedeeltijk schoongemaakt,ook bi...    0.00000  
2260  De vloeren van de berging zien er weer tip top...    0.78125  
2324  Dank allemaal voor jullie geduld en begrip! Na...    0.00000  
2025-09-21 20:40:57.041 | INFO     | __main__:<module>:25 - Logging initialized, writing to /Users/luiginocleofa/1_HU_Post_HBO_AI/DAV/MADS-DAV/notebooks/logs/logfile.log
2025-09-21 21:37:25.424 | INFO     | __main__:<module>:25 - Logging initialized, writing to /Users/luiginocleofa/1_HU_Post_HBO_AI/DAV/MADS-DAV/notebooks/logs/logfile.log
2025-09-21 21:37:26.957 | DEBUG    | __main__:filter_cooccurring_months:32 - First 200 messages for '                             schoon      dank
timestamp                                    
2023-04-30 00:00:00+00:00  0.000000  0.000000
2023-06-30 00:00:00+00:00  0.000000  0.000000
2023-07-31 00:00:00+00:00  0.000000  0.006081
2023-08-31 00:00:00+00:00  0.000000  0.015625
2023-09-30 00:00:00+00:00  0.000000  0.041667
2023-10-31 00:00:00+00:00  0.000000  0.025202
2023-11-30 00:00:00+00:00 -0.012500  0.000000
2023-12-31 00:00:00+00:00  0.000000  0.050321
2024-02-29 00:00:00+00:00  0.000000  0.071429
2024-03-31 00:00:00+00:00  0.000000  0.111482
2024-04-30 00:00:00+00:00  0.000000  0.100055
2024-05-31 00:00:00+00:00  0.000000  0.054630
2024-06-30 00:00:00+00:00  0.000000  0.000000
2024-07-31 00:00:00+00:00  0.083854  0.056976
2024-08-31 00:00:00+00:00 -0.100000  0.000000
2024-09-30 00:00:00+00:00 -0.002500  0.048804
2024-10-31 00:00:00+00:00 -0.018750  0.041250
2024-11-30 00:00:00+00:00  0.000000  0.115530
2024-12-31 00:00:00+00:00  0.000000  0.038768
2025-01-31 00:00:00+00:00  0.000000  0.121324
2025-02-28 00:00:00+00:00  0.000000  0.013514
2025-04-30 00:00:00+00:00  0.000000  0.045956
2025-05-31 00:00:00+00:00  0.000000  0.000000
2025-06-30 00:00:00+00:00  0.000000  0.092578
2025-07-31 00:00:00+00:00  0.187500  0.091518
2025-08-31 00:00:00+00:00  0.001563  0.075000':
                             schoon      dank
timestamp                                    
2023-04-30 00:00:00+00:00  0.000000  0.000000
2023-06-30 00:00:00+00:00  0.000000  0.000000
2023-07-31 00:00:00+00:00  0.000000  0.006081
2023-08-31 00:00:00+00:00  0.000000  0.015625
2023-09-30 00:00:00+00:00  0.000000  0.041667
2023-10-31 00:00:00+00:00  0.000000  0.025202
2023-11-30 00:00:00+00:00 -0.012500  0.000000
2023-12-31 00:00:00+00:00  0.000000  0.050321
2024-02-29 00:00:00+00:00  0.000000  0.071429
2024-03-31 00:00:00+00:00  0.000000  0.111482
2024-04-30 00:00:00+00:00  0.000000  0.100055
2024-05-31 00:00:00+00:00  0.000000  0.054630
2024-06-30 00:00:00+00:00  0.000000  0.000000
2024-07-31 00:00:00+00:00  0.083854  0.056976
2024-08-31 00:00:00+00:00 -0.100000  0.000000
2024-09-30 00:00:00+00:00 -0.002500  0.048804
2024-10-31 00:00:00+00:00 -0.018750  0.041250
2024-11-30 00:00:00+00:00  0.000000  0.115530
2024-12-31 00:00:00+00:00  0.000000  0.038768
2025-01-31 00:00:00+00:00  0.000000  0.121324
2025-02-28 00:00:00+00:00  0.000000  0.013514
2025-04-30 00:00:00+00:00  0.000000  0.045956
2025-05-31 00:00:00+00:00  0.000000  0.000000
2025-06-30 00:00:00+00:00  0.000000  0.092578
2025-07-31 00:00:00+00:00  0.187500  0.091518
2025-08-31 00:00:00+00:00  0.001563  0.075000
2025-09-21 21:37:26.961 | INFO     | __main__:get_cooccurring_messages:42 - Logging cooccurring_messages                      timestamp  \
728  2023-10-02 20:48:12+00:00   
767  2023-10-07 18:21:29+00:00   
1610 2024-05-10 11:16:40+00:00   
2096 2024-07-05 10:57:46+00:00   
2145 2024-07-17 17:44:58+00:00   
2260 2024-07-26 12:05:35+00:00   
2324 2024-08-06 12:08:04+00:00   

                                                message  sentiment  
728   Veel dank voor schoonmaken betonspetters! Het ...    0.00000  
767     Dankjewel Joan, dat jij het hebt schoongemaakt.    0.00000  
1610                    Bedankt voor de schoonmaak Henk    0.00000  
2096  Hi Martin, dat zijn onze stukadoors geweest. E...    0.00000  
2145  Vandaag de box gedeeltijk schoongemaakt,ook bi...    0.00000  
2260  De vloeren van de berging zien er weer tip top...    0.78125  
2324  Dank allemaal voor jullie geduld en begrip! Na...    0.00000  
2025-09-21 21:40:01.903 | INFO     | __main__:<module>:25 - Logging initialized, writing to /Users/luiginocleofa/1_HU_Post_HBO_AI/DAV/MADS-DAV/notebooks/logs/logfile.log
2025-09-21 21:40:03.248 | DEBUG    | __main__:filter_cooccurring_months:32 - First 200 messages for '                             schoon      dank
timestamp                                    
2023-04-30 00:00:00+00:00  0.000000  0.000000
2023-06-30 00:00:00+00:00  0.000000  0.000000
2023-07-31 00:00:00+00:00  0.000000  0.006081
2023-08-31 00:00:00+00:00  0.000000  0.015625
2023-09-30 00:00:00+00:00  0.000000  0.041667
2023-10-31 00:00:00+00:00  0.000000  0.025202
2023-11-30 00:00:00+00:00 -0.012500  0.000000
2023-12-31 00:00:00+00:00  0.000000  0.050321
2024-02-29 00:00:00+00:00  0.000000  0.071429
2024-03-31 00:00:00+00:00  0.000000  0.111482
2024-04-30 00:00:00+00:00  0.000000  0.100055
2024-05-31 00:00:00+00:00  0.000000  0.054630
2024-06-30 00:00:00+00:00  0.000000  0.000000
2024-07-31 00:00:00+00:00  0.083854  0.056976
2024-08-31 00:00:00+00:00 -0.100000  0.000000
2024-09-30 00:00:00+00:00 -0.002500  0.048804
2024-10-31 00:00:00+00:00 -0.018750  0.041250
2024-11-30 00:00:00+00:00  0.000000  0.115530
2024-12-31 00:00:00+00:00  0.000000  0.038768
2025-01-31 00:00:00+00:00  0.000000  0.121324
2025-02-28 00:00:00+00:00  0.000000  0.013514
2025-04-30 00:00:00+00:00  0.000000  0.045956
2025-05-31 00:00:00+00:00  0.000000  0.000000
2025-06-30 00:00:00+00:00  0.000000  0.092578
2025-07-31 00:00:00+00:00  0.187500  0.091518
2025-08-31 00:00:00+00:00  0.001563  0.075000':
                             schoon      dank
timestamp                                    
2023-04-30 00:00:00+00:00  0.000000  0.000000
2023-06-30 00:00:00+00:00  0.000000  0.000000
2023-07-31 00:00:00+00:00  0.000000  0.006081
2023-08-31 00:00:00+00:00  0.000000  0.015625
2023-09-30 00:00:00+00:00  0.000000  0.041667
2023-10-31 00:00:00+00:00  0.000000  0.025202
2023-11-30 00:00:00+00:00 -0.012500  0.000000
2023-12-31 00:00:00+00:00  0.000000  0.050321
2024-02-29 00:00:00+00:00  0.000000  0.071429
2024-03-31 00:00:00+00:00  0.000000  0.111482
2024-04-30 00:00:00+00:00  0.000000  0.100055
2024-05-31 00:00:00+00:00  0.000000  0.054630
2024-06-30 00:00:00+00:00  0.000000  0.000000
2024-07-31 00:00:00+00:00  0.083854  0.056976
2024-08-31 00:00:00+00:00 -0.100000  0.000000
2024-09-30 00:00:00+00:00 -0.002500  0.048804
2024-10-31 00:00:00+00:00 -0.018750  0.041250
2024-11-30 00:00:00+00:00  0.000000  0.115530
2024-12-31 00:00:00+00:00  0.000000  0.038768
2025-01-31 00:00:00+00:00  0.000000  0.121324
2025-02-28 00:00:00+00:00  0.000000  0.013514
2025-04-30 00:00:00+00:00  0.000000  0.045956
2025-05-31 00:00:00+00:00  0.000000  0.000000
2025-06-30 00:00:00+00:00  0.000000  0.092578
2025-07-31 00:00:00+00:00  0.187500  0.091518
2025-08-31 00:00:00+00:00  0.001563  0.075000
2025-09-21 21:40:03.251 | INFO     | __main__:get_cooccurring_messages:42 - Logging cooccurring_messages                      timestamp  \
728  2023-10-02 20:48:12+00:00   
767  2023-10-07 18:21:29+00:00   
1610 2024-05-10 11:16:40+00:00   
2096 2024-07-05 10:57:46+00:00   
2145 2024-07-17 17:44:58+00:00   
2260 2024-07-26 12:05:35+00:00   
2324 2024-08-06 12:08:04+00:00   

                                                message  sentiment  
728   Veel dank voor schoonmaken betonspetters! Het ...    0.00000  
767     Dankjewel Joan, dat jij het hebt schoongemaakt.    0.00000  
1610                    Bedankt voor de schoonmaak Henk    0.00000  
2096  Hi Martin, dat zijn onze stukadoors geweest. E...    0.00000  
2145  Vandaag de box gedeeltijk schoongemaakt,ook bi...    0.00000  
2260  De vloeren van de berging zien er weer tip top...    0.78125  
2324  Dank allemaal voor jullie geduld en begrip! Na...    0.00000  
2025-09-21 21:42:51.141 | INFO     | __main__:<module>:25 - Logging initialized, writing to /Users/luiginocleofa/1_HU_Post_HBO_AI/DAV/MADS-DAV/notebooks/logs/logfile.log
2025-09-21 21:42:52.468 | DEBUG    | __main__:filter_cooccurring_months:32 - First 200 messages for '                             schoon      dank
timestamp                                    
2023-04-30 00:00:00+00:00  0.000000  0.000000
2023-06-30 00:00:00+00:00  0.000000  0.000000
2023-07-31 00:00:00+00:00  0.000000  0.006081
2023-08-31 00:00:00+00:00  0.000000  0.015625
2023-09-30 00:00:00+00:00  0.000000  0.041667
2023-10-31 00:00:00+00:00  0.000000  0.025202
2023-11-30 00:00:00+00:00 -0.012500  0.000000
2023-12-31 00:00:00+00:00  0.000000  0.050321
2024-02-29 00:00:00+00:00  0.000000  0.071429
2024-03-31 00:00:00+00:00  0.000000  0.111482
2024-04-30 00:00:00+00:00  0.000000  0.100055
2024-05-31 00:00:00+00:00  0.000000  0.054630
2024-06-30 00:00:00+00:00  0.000000  0.000000
2024-07-31 00:00:00+00:00  0.083854  0.056976
2024-08-31 00:00:00+00:00 -0.100000  0.000000
2024-09-30 00:00:00+00:00 -0.002500  0.048804
2024-10-31 00:00:00+00:00 -0.018750  0.041250
2024-11-30 00:00:00+00:00  0.000000  0.115530
2024-12-31 00:00:00+00:00  0.000000  0.038768
2025-01-31 00:00:00+00:00  0.000000  0.121324
2025-02-28 00:00:00+00:00  0.000000  0.013514
2025-04-30 00:00:00+00:00  0.000000  0.045956
2025-05-31 00:00:00+00:00  0.000000  0.000000
2025-06-30 00:00:00+00:00  0.000000  0.092578
2025-07-31 00:00:00+00:00  0.187500  0.091518
2025-08-31 00:00:00+00:00  0.001563  0.075000':
                             schoon      dank
timestamp                                    
2023-04-30 00:00:00+00:00  0.000000  0.000000
2023-06-30 00:00:00+00:00  0.000000  0.000000
2023-07-31 00:00:00+00:00  0.000000  0.006081
2023-08-31 00:00:00+00:00  0.000000  0.015625
2023-09-30 00:00:00+00:00  0.000000  0.041667
2023-10-31 00:00:00+00:00  0.000000  0.025202
2023-11-30 00:00:00+00:00 -0.012500  0.000000
2023-12-31 00:00:00+00:00  0.000000  0.050321
2024-02-29 00:00:00+00:00  0.000000  0.071429
2024-03-31 00:00:00+00:00  0.000000  0.111482
2024-04-30 00:00:00+00:00  0.000000  0.100055
2024-05-31 00:00:00+00:00  0.000000  0.054630
2024-06-30 00:00:00+00:00  0.000000  0.000000
2024-07-31 00:00:00+00:00  0.083854  0.056976
2024-08-31 00:00:00+00:00 -0.100000  0.000000
2024-09-30 00:00:00+00:00 -0.002500  0.048804
2024-10-31 00:00:00+00:00 -0.018750  0.041250
2024-11-30 00:00:00+00:00  0.000000  0.115530
2024-12-31 00:00:00+00:00  0.000000  0.038768
2025-01-31 00:00:00+00:00  0.000000  0.121324
2025-02-28 00:00:00+00:00  0.000000  0.013514
2025-04-30 00:00:00+00:00  0.000000  0.045956
2025-05-31 00:00:00+00:00  0.000000  0.000000
2025-06-30 00:00:00+00:00  0.000000  0.092578
2025-07-31 00:00:00+00:00  0.187500  0.091518
2025-08-31 00:00:00+00:00  0.001563  0.075000
2025-09-21 21:42:52.471 | INFO     | __main__:get_cooccurring_messages:42 - Logging cooccurring_messages                      timestamp  \
728  2023-10-02 20:48:12+00:00   
767  2023-10-07 18:21:29+00:00   
1610 2024-05-10 11:16:40+00:00   
2096 2024-07-05 10:57:46+00:00   
2145 2024-07-17 17:44:58+00:00   
2260 2024-07-26 12:05:35+00:00   
2324 2024-08-06 12:08:04+00:00   

                                                message  sentiment  
728   Veel dank voor schoonmaken betonspetters! Het ...    0.00000  
767     Dankjewel Joan, dat jij het hebt schoongemaakt.    0.00000  
1610                    Bedankt voor de schoonmaak Henk    0.00000  
2096  Hi Martin, dat zijn onze stukadoors geweest. E...    0.00000  
2145  Vandaag de box gedeeltijk schoongemaakt,ook bi...    0.00000  
2260  De vloeren van de berging zien er weer tip top...    0.78125  
2324  Dank allemaal voor jullie geduld en begrip! Na...    0.00000  
2025-09-21 21:59:48.068 | INFO     | __main__:<module>:25 - Logging initialized, writing to /Users/luiginocleofa/1_HU_Post_HBO_AI/DAV/MADS-DAV/notebooks/logs/logfile.log
2025-09-21 21:59:49.449 | DEBUG    | __main__:filter_cooccurring_months:32 - First 200 messages for '                             schoon      dank
timestamp                                    
2023-04-30 00:00:00+00:00  0.000000  0.000000
2023-06-30 00:00:00+00:00  0.000000  0.000000
2023-07-31 00:00:00+00:00  0.000000  0.006081
2023-08-31 00:00:00+00:00  0.000000  0.015625
2023-09-30 00:00:00+00:00  0.000000  0.041667
2023-10-31 00:00:00+00:00  0.000000  0.025202
2023-11-30 00:00:00+00:00 -0.012500  0.000000
2023-12-31 00:00:00+00:00  0.000000  0.050321
2024-02-29 00:00:00+00:00  0.000000  0.071429
2024-03-31 00:00:00+00:00  0.000000  0.111482
2024-04-30 00:00:00+00:00  0.000000  0.100055
2024-05-31 00:00:00+00:00  0.000000  0.054630
2024-06-30 00:00:00+00:00  0.000000  0.000000
2024-07-31 00:00:00+00:00  0.083854  0.056976
2024-08-31 00:00:00+00:00 -0.100000  0.000000
2024-09-30 00:00:00+00:00 -0.002500  0.048804
2024-10-31 00:00:00+00:00 -0.018750  0.041250
2024-11-30 00:00:00+00:00  0.000000  0.115530
2024-12-31 00:00:00+00:00  0.000000  0.038768
2025-01-31 00:00:00+00:00  0.000000  0.121324
2025-02-28 00:00:00+00:00  0.000000  0.013514
2025-04-30 00:00:00+00:00  0.000000  0.045956
2025-05-31 00:00:00+00:00  0.000000  0.000000
2025-06-30 00:00:00+00:00  0.000000  0.092578
2025-07-31 00:00:00+00:00  0.187500  0.091518
2025-08-31 00:00:00+00:00  0.001563  0.075000':
                             schoon      dank
timestamp                                    
2023-04-30 00:00:00+00:00  0.000000  0.000000
2023-06-30 00:00:00+00:00  0.000000  0.000000
2023-07-31 00:00:00+00:00  0.000000  0.006081
2023-08-31 00:00:00+00:00  0.000000  0.015625
2023-09-30 00:00:00+00:00  0.000000  0.041667
2023-10-31 00:00:00+00:00  0.000000  0.025202
2023-11-30 00:00:00+00:00 -0.012500  0.000000
2023-12-31 00:00:00+00:00  0.000000  0.050321
2024-02-29 00:00:00+00:00  0.000000  0.071429
2024-03-31 00:00:00+00:00  0.000000  0.111482
2024-04-30 00:00:00+00:00  0.000000  0.100055
2024-05-31 00:00:00+00:00  0.000000  0.054630
2024-06-30 00:00:00+00:00  0.000000  0.000000
2024-07-31 00:00:00+00:00  0.083854  0.056976
2024-08-31 00:00:00+00:00 -0.100000  0.000000
2024-09-30 00:00:00+00:00 -0.002500  0.048804
2024-10-31 00:00:00+00:00 -0.018750  0.041250
2024-11-30 00:00:00+00:00  0.000000  0.115530
2024-12-31 00:00:00+00:00  0.000000  0.038768
2025-01-31 00:00:00+00:00  0.000000  0.121324
2025-02-28 00:00:00+00:00  0.000000  0.013514
2025-04-30 00:00:00+00:00  0.000000  0.045956
2025-05-31 00:00:00+00:00  0.000000  0.000000
2025-06-30 00:00:00+00:00  0.000000  0.092578
2025-07-31 00:00:00+00:00  0.187500  0.091518
2025-08-31 00:00:00+00:00  0.001563  0.075000
2025-09-21 21:59:49.452 | INFO     | __main__:get_cooccurring_messages:42 - Logging cooccurring_messages                      timestamp  \
728  2023-10-02 20:48:12+00:00   
767  2023-10-07 18:21:29+00:00   
1610 2024-05-10 11:16:40+00:00   
2096 2024-07-05 10:57:46+00:00   
2145 2024-07-17 17:44:58+00:00   
2260 2024-07-26 12:05:35+00:00   
2324 2024-08-06 12:08:04+00:00   

                                                message  sentiment  
728   Veel dank voor schoonmaken betonspetters! Het ...    0.00000  
767     Dankjewel Joan, dat jij het hebt schoongemaakt.    0.00000  
1610                    Bedankt voor de schoonmaak Henk    0.00000  
2096  Hi Martin, dat zijn onze stukadoors geweest. E...    0.00000  
2145  Vandaag de box gedeeltijk schoongemaakt,ook bi...    0.00000  
2260  De vloeren van de berging zien er weer tip top...    0.78125  
2324  Dank allemaal voor jullie geduld en begrip! Na...    0.00000  
2025-09-21 22:01:27.412 | INFO     | __main__:<module>:25 - Logging initialized, writing to /Users/luiginocleofa/1_HU_Post_HBO_AI/DAV/MADS-DAV/notebooks/logs/logfile.log
2025-09-21 22:01:28.736 | DEBUG    | __main__:filter_cooccurring_months:32 - First 200 messages for '                             schoon      dank
timestamp                                    
2023-04-30 00:00:00+00:00  0.000000  0.000000
2023-06-30 00:00:00+00:00  0.000000  0.000000
2023-07-31 00:00:00+00:00  0.000000  0.006081
2023-08-31 00:00:00+00:00  0.000000  0.015625
2023-09-30 00:00:00+00:00  0.000000  0.041667
2023-10-31 00:00:00+00:00  0.000000  0.025202
2023-11-30 00:00:00+00:00 -0.012500  0.000000
2023-12-31 00:00:00+00:00  0.000000  0.050321
2024-02-29 00:00:00+00:00  0.000000  0.071429
2024-03-31 00:00:00+00:00  0.000000  0.111482
2024-04-30 00:00:00+00:00  0.000000  0.100055
2024-05-31 00:00:00+00:00  0.000000  0.054630
2024-06-30 00:00:00+00:00  0.000000  0.000000
2024-07-31 00:00:00+00:00  0.083854  0.056976
2024-08-31 00:00:00+00:00 -0.100000  0.000000
2024-09-30 00:00:00+00:00 -0.002500  0.048804
2024-10-31 00:00:00+00:00 -0.018750  0.041250
2024-11-30 00:00:00+00:00  0.000000  0.115530
2024-12-31 00:00:00+00:00  0.000000  0.038768
2025-01-31 00:00:00+00:00  0.000000  0.121324
2025-02-28 00:00:00+00:00  0.000000  0.013514
2025-04-30 00:00:00+00:00  0.000000  0.045956
2025-05-31 00:00:00+00:00  0.000000  0.000000
2025-06-30 00:00:00+00:00  0.000000  0.092578
2025-07-31 00:00:00+00:00  0.187500  0.091518
2025-08-31 00:00:00+00:00  0.001563  0.075000':
                             schoon      dank
timestamp                                    
2023-04-30 00:00:00+00:00  0.000000  0.000000
2023-06-30 00:00:00+00:00  0.000000  0.000000
2023-07-31 00:00:00+00:00  0.000000  0.006081
2023-08-31 00:00:00+00:00  0.000000  0.015625
2023-09-30 00:00:00+00:00  0.000000  0.041667
2023-10-31 00:00:00+00:00  0.000000  0.025202
2023-11-30 00:00:00+00:00 -0.012500  0.000000
2023-12-31 00:00:00+00:00  0.000000  0.050321
2024-02-29 00:00:00+00:00  0.000000  0.071429
2024-03-31 00:00:00+00:00  0.000000  0.111482
2024-04-30 00:00:00+00:00  0.000000  0.100055
2024-05-31 00:00:00+00:00  0.000000  0.054630
2024-06-30 00:00:00+00:00  0.000000  0.000000
2024-07-31 00:00:00+00:00  0.083854  0.056976
2024-08-31 00:00:00+00:00 -0.100000  0.000000
2024-09-30 00:00:00+00:00 -0.002500  0.048804
2024-10-31 00:00:00+00:00 -0.018750  0.041250
2024-11-30 00:00:00+00:00  0.000000  0.115530
2024-12-31 00:00:00+00:00  0.000000  0.038768
2025-01-31 00:00:00+00:00  0.000000  0.121324
2025-02-28 00:00:00+00:00  0.000000  0.013514
2025-04-30 00:00:00+00:00  0.000000  0.045956
2025-05-31 00:00:00+00:00  0.000000  0.000000
2025-06-30 00:00:00+00:00  0.000000  0.092578
2025-07-31 00:00:00+00:00  0.187500  0.091518
2025-08-31 00:00:00+00:00  0.001563  0.075000
2025-09-21 22:01:28.739 | INFO     | __main__:get_cooccurring_messages:42 - Logging cooccurring_messages                      timestamp  \
728  2023-10-02 20:48:12+00:00   
767  2023-10-07 18:21:29+00:00   
1610 2024-05-10 11:16:40+00:00   
2096 2024-07-05 10:57:46+00:00   
2145 2024-07-17 17:44:58+00:00   
2260 2024-07-26 12:05:35+00:00   
2324 2024-08-06 12:08:04+00:00   

                                                message  sentiment  
728   Veel dank voor schoonmaken betonspetters! Het ...    0.00000  
767     Dankjewel Joan, dat jij het hebt schoongemaakt.    0.00000  
1610                    Bedankt voor de schoonmaak Henk    0.00000  
2096  Hi Martin, dat zijn onze stukadoors geweest. E...    0.00000  
2145  Vandaag de box gedeeltijk schoongemaakt,ook bi...    0.00000  
2260  De vloeren van de berging zien er weer tip top...    0.78125  
2324  Dank allemaal voor jullie geduld en begrip! Na...    0.00000  
2025-09-21 22:03:13.180 | INFO     | __main__:<module>:25 - Logging initialized, writing to /Users/luiginocleofa/1_HU_Post_HBO_AI/DAV/MADS-DAV/notebooks/logs/logfile.log
2025-09-21 22:03:14.510 | DEBUG    | __main__:filter_cooccurring_months:32 - First 200 messages for '                             schoon      dank
timestamp                                    
2023-04-30 00:00:00+00:00  0.000000  0.000000
2023-06-30 00:00:00+00:00  0.000000  0.000000
2023-07-31 00:00:00+00:00  0.000000  0.006081
2023-08-31 00:00:00+00:00  0.000000  0.015625
2023-09-30 00:00:00+00:00  0.000000  0.041667
2023-10-31 00:00:00+00:00  0.000000  0.025202
2023-11-30 00:00:00+00:00 -0.012500  0.000000
2023-12-31 00:00:00+00:00  0.000000  0.050321
2024-02-29 00:00:00+00:00  0.000000  0.071429
2024-03-31 00:00:00+00:00  0.000000  0.111482
2024-04-30 00:00:00+00:00  0.000000  0.100055
2024-05-31 00:00:00+00:00  0.000000  0.054630
2024-06-30 00:00:00+00:00  0.000000  0.000000
2024-07-31 00:00:00+00:00  0.083854  0.056976
2024-08-31 00:00:00+00:00 -0.100000  0.000000
2024-09-30 00:00:00+00:00 -0.002500  0.048804
2024-10-31 00:00:00+00:00 -0.018750  0.041250
2024-11-30 00:00:00+00:00  0.000000  0.115530
2024-12-31 00:00:00+00:00  0.000000  0.038768
2025-01-31 00:00:00+00:00  0.000000  0.121324
2025-02-28 00:00:00+00:00  0.000000  0.013514
2025-04-30 00:00:00+00:00  0.000000  0.045956
2025-05-31 00:00:00+00:00  0.000000  0.000000
2025-06-30 00:00:00+00:00  0.000000  0.092578
2025-07-31 00:00:00+00:00  0.187500  0.091518
2025-08-31 00:00:00+00:00  0.001563  0.075000':
                             schoon      dank
timestamp                                    
2023-04-30 00:00:00+00:00  0.000000  0.000000
2023-06-30 00:00:00+00:00  0.000000  0.000000
2023-07-31 00:00:00+00:00  0.000000  0.006081
2023-08-31 00:00:00+00:00  0.000000  0.015625
2023-09-30 00:00:00+00:00  0.000000  0.041667
2023-10-31 00:00:00+00:00  0.000000  0.025202
2023-11-30 00:00:00+00:00 -0.012500  0.000000
2023-12-31 00:00:00+00:00  0.000000  0.050321
2024-02-29 00:00:00+00:00  0.000000  0.071429
2024-03-31 00:00:00+00:00  0.000000  0.111482
2024-04-30 00:00:00+00:00  0.000000  0.100055
2024-05-31 00:00:00+00:00  0.000000  0.054630
2024-06-30 00:00:00+00:00  0.000000  0.000000
2024-07-31 00:00:00+00:00  0.083854  0.056976
2024-08-31 00:00:00+00:00 -0.100000  0.000000
2024-09-30 00:00:00+00:00 -0.002500  0.048804
2024-10-31 00:00:00+00:00 -0.018750  0.041250
2024-11-30 00:00:00+00:00  0.000000  0.115530
2024-12-31 00:00:00+00:00  0.000000  0.038768
2025-01-31 00:00:00+00:00  0.000000  0.121324
2025-02-28 00:00:00+00:00  0.000000  0.013514
2025-04-30 00:00:00+00:00  0.000000  0.045956
2025-05-31 00:00:00+00:00  0.000000  0.000000
2025-06-30 00:00:00+00:00  0.000000  0.092578
2025-07-31 00:00:00+00:00  0.187500  0.091518
2025-08-31 00:00:00+00:00  0.001563  0.075000
2025-09-21 22:03:14.514 | INFO     | __main__:get_cooccurring_messages:42 - Logging cooccurring_messages                      timestamp  \
728  2023-10-02 20:48:12+00:00   
767  2023-10-07 18:21:29+00:00   
1610 2024-05-10 11:16:40+00:00   
2096 2024-07-05 10:57:46+00:00   
2145 2024-07-17 17:44:58+00:00   
2260 2024-07-26 12:05:35+00:00   
2324 2024-08-06 12:08:04+00:00   

                                                message  sentiment  
728   Veel dank voor schoonmaken betonspetters! Het ...    0.00000  
767     Dankjewel Joan, dat jij het hebt schoongemaakt.    0.00000  
1610                    Bedankt voor de schoonmaak Henk    0.00000  
2096  Hi Martin, dat zijn onze stukadoors geweest. E...    0.00000  
2145  Vandaag de box gedeeltijk schoongemaakt,ook bi...    0.00000  
2260  De vloeren van de berging zien er weer tip top...    0.78125  
2324  Dank allemaal voor jullie geduld en begrip! Na...    0.00000  
